Using pre-set license
Built from '2022.3/staging' branch; Version is '2022.3.7f1 (b16b3b16c7a0) revision 11627323'; Using compiler version '192829333'; Build Type 'Release'
OS: 'Windows 10  (10.0.19045) 64bit Professional' Language: 'ko' Physical Memory: 16310 MB
BatchMode: 1, IsHumanControllingUs: 0, StartBugReporterOnCrash: 0, Is64bit: 1, IsPro: 1

COMMAND LINE ARGUMENTS:
C:\Program Files\Unity\Hub\Editor\2022.3.7f1\Editor\Unity.exe
-adb2
-batchMode
-noUpm
-name
AssetImportWorker0
-projectPath
C:/Users/Jun/source/repos/Github/RTS-Portfolio/RTS Portfolio
-logFile
Logs/AssetImportWorker0.log
-srvPort
62334
Successfully changed project path to: C:/Users/Jun/source/repos/Github/RTS-Portfolio/RTS Portfolio
C:/Users/Jun/source/repos/Github/RTS-Portfolio/RTS Portfolio
[UnityMemory] Configuration Parameters - Can be set up in boot.config
    "memorysetup-bucket-allocator-granularity=16"
    "memorysetup-bucket-allocator-bucket-count=8"
    "memorysetup-bucket-allocator-block-size=33554432"
    "memorysetup-bucket-allocator-block-count=8"
    "memorysetup-main-allocator-block-size=16777216"
    "memorysetup-thread-allocator-block-size=16777216"
    "memorysetup-gfx-main-allocator-block-size=16777216"
    "memorysetup-gfx-thread-allocator-block-size=16777216"
    "memorysetup-cache-allocator-block-size=4194304"
    "memorysetup-typetree-allocator-block-size=2097152"
    "memorysetup-profiler-bucket-allocator-granularity=16"
    "memorysetup-profiler-bucket-allocator-bucket-count=8"
    "memorysetup-profiler-bucket-allocator-block-size=33554432"
    "memorysetup-profiler-bucket-allocator-block-count=8"
    "memorysetup-profiler-allocator-block-size=16777216"
    "memorysetup-profiler-editor-allocator-block-size=1048576"
    "memorysetup-temp-allocator-size-main=16777216"
    "memorysetup-job-temp-allocator-block-size=2097152"
    "memorysetup-job-temp-allocator-block-size-background=1048576"
    "memorysetup-job-temp-allocator-reduction-small-platforms=262144"
    "memorysetup-allocator-temp-initial-block-size-main=262144"
    "memorysetup-allocator-temp-initial-block-size-worker=262144"
    "memorysetup-temp-allocator-size-background-worker=32768"
    "memorysetup-temp-allocator-size-job-worker=262144"
    "memorysetup-temp-allocator-size-preload-manager=33554432"
    "memorysetup-temp-allocator-size-nav-mesh-worker=65536"
    "memorysetup-temp-allocator-size-audio-worker=65536"
    "memorysetup-temp-allocator-size-cloud-worker=32768"
    "memorysetup-temp-allocator-size-gi-baking-worker=262144"
    "memorysetup-temp-allocator-size-gfx=262144"
Player connection [32300] Host "[IP] 121.130.156.149 [Port] 0 [Flags] 2 [Guid] 2946283742 [EditorId] 2946283742 [Version] 1048832 [Id] WindowsEditor(7,DESKTOP-H46ESDF) [Debug] 1 [PackageName] WindowsEditor [ProjectName] Editor" joined multi-casting on [225.0.0.222:54997]...

Player connection [32300] Host "[IP] 121.130.156.149 [Port] 0 [Flags] 2 [Guid] 2946283742 [EditorId] 2946283742 [Version] 1048832 [Id] WindowsEditor(7,DESKTOP-H46ESDF) [Debug] 1 [PackageName] WindowsEditor [ProjectName] Editor" joined alternative multi-casting on [225.0.0.222:34997]...

Refreshing native plugins compatible for Editor in 14.77 ms, found 3 plugins.
Preloading 0 native plugins for Editor in 0.00 ms.
Initialize engine version: 2022.3.7f1 (b16b3b16c7a0)
[Subsystems] Discovering subsystems at path C:/Program Files/Unity/Hub/Editor/2022.3.7f1/Editor/Data/Resources/UnitySubsystems
[Subsystems] Discovering subsystems at path C:/Users/Jun/source/repos/Github/RTS-Portfolio/RTS Portfolio/Assets
GfxDevice: creating device client; threaded=0; jobified=0
Direct3D:
    Version:  Direct3D 11.0 [level 11.1]
    Renderer: NVIDIA GeForce RTX 3060 Ti (ID=0x2489)
    Vendor:   NVIDIA
    VRAM:     8038 MB
    Driver:   31.0.15.3758
Initialize mono
Mono path[0] = 'C:/Program Files/Unity/Hub/Editor/2022.3.7f1/Editor/Data/Managed'
Mono path[1] = 'C:/Program Files/Unity/Hub/Editor/2022.3.7f1/Editor/Data/MonoBleedingEdge/lib/mono/unityjit-win32'
Mono config path = 'C:/Program Files/Unity/Hub/Editor/2022.3.7f1/Editor/Data/MonoBleedingEdge/etc'
Using monoOptions --debugger-agent=transport=dt_socket,embedding=1,server=y,suspend=n,address=127.0.0.1:56308
Begin MonoManager ReloadAssembly
Registering precompiled unity dll's ...
Register platform support module: C:/Program Files/Unity/Hub/Editor/2022.3.7f1/Editor/Data/PlaybackEngines/AndroidPlayer/UnityEditor.Android.Extensions.dll
Register platform support module: C:/Program Files/Unity/Hub/Editor/2022.3.7f1/Editor/Data/PlaybackEngines/WindowsStandaloneSupport/UnityEditor.WindowsStandalone.Extensions.dll
Registered in 0.024989 seconds.
- Loaded All Assemblies, in  0.443 seconds
Native extension for WindowsStandalone target not found
Native extension for Android target not found
Android Extension - Scanning For ADB Devices 490 ms
Mono: successfully reloaded assembly
- Finished resetting the current domain, in  0.812 seconds
Domain Reload Profiling: 1251ms
	BeginReloadAssembly (148ms)
		ExecutionOrderSort (0ms)
		DisableScriptedObjects (0ms)
		BackupInstance (0ms)
		ReleaseScriptingObjects (0ms)
		CreateAndSetChildDomain (1ms)
	RebuildCommonClasses (37ms)
	RebuildNativeTypeToScriptingClass (10ms)
	initialDomainReloadingComplete (88ms)
	LoadAllAssembliesAndSetupDomain (155ms)
		LoadAssemblies (144ms)
		RebuildTransferFunctionScriptingTraits (0ms)
		AnalyzeDomain (152ms)
			TypeCache.Refresh (150ms)
				TypeCache.ScanAssembly (136ms)
			ScanForSourceGeneratedMonoScriptInfo (0ms)
			ResolveRequiredComponents (1ms)
	FinalizeReload (813ms)
		ReleaseScriptCaches (0ms)
		RebuildScriptCaches (0ms)
		SetupLoadedEditorAssemblies (757ms)
			LogAssemblyErrors (0ms)
			InitializePlatformSupportModulesInManaged (602ms)
			SetLoadedEditorAssemblies (4ms)
			RefreshPlugins (0ms)
			BeforeProcessingInitializeOnLoad (2ms)
			ProcessInitializeOnLoadAttributes (91ms)
			ProcessInitializeOnLoadMethodAttributes (58ms)
			AfterProcessingInitializeOnLoad (0ms)
			EditorAssembliesLoaded (0ms)
		ExecutionOrderSort2 (0ms)
		AwakeInstancesAfterBackupRestoration (0ms)
========================================================================
Worker process is ready to serve import requests
Begin MonoManager ReloadAssembly
Symbol file LoadedFromMemory doesn't match image C:\Users\Jun\source\repos\Github\RTS-Portfolio\RTS Portfolio\Library\PackageCache\com.unity.visualscripting@1.8.0\Editor\VisualScripting.Core\Dependencies\YamlDotNet\Unity.VisualScripting.YamlDotNet.dll
Symbol file LoadedFromMemory doesn't match image C:\Users\Jun\source\repos\Github\RTS-Portfolio\RTS Portfolio\Library\PackageCache\com.unity.visualscripting@1.8.0\Editor\VisualScripting.Core\Dependencies\DotNetZip\Unity.VisualScripting.IonicZip.dll
- Loaded All Assemblies, in  0.724 seconds
Refreshing native plugins compatible for Editor in 6.71 ms, found 3 plugins.
Native extension for WindowsStandalone target not found
Native extension for Android target not found
Package Manager log level set to [2]
[Package Manager] Server::EnsureServerProcessIsRunning -- launch failed, reason: Unity was launched with the -noUpm command-line argument
[Package Manager] UpmClient::Send -- Unable to send message (not connected to UPM process).
[Package Manager] Cannot connect to Unity Package Manager local server
Mono: successfully reloaded assembly
- Finished resetting the current domain, in  0.544 seconds
Domain Reload Profiling: 1261ms
	BeginReloadAssembly (172ms)
		ExecutionOrderSort (0ms)
		DisableScriptedObjects (5ms)
		BackupInstance (0ms)
		ReleaseScriptingObjects (0ms)
		CreateAndSetChildDomain (23ms)
	RebuildCommonClasses (31ms)
	RebuildNativeTypeToScriptingClass (9ms)
	initialDomainReloadingComplete (50ms)
	LoadAllAssembliesAndSetupDomain (456ms)
		LoadAssemblies (400ms)
		RebuildTransferFunctionScriptingTraits (0ms)
		AnalyzeDomain (167ms)
			TypeCache.Refresh (148ms)
				TypeCache.ScanAssembly (132ms)
			ScanForSourceGeneratedMonoScriptInfo (14ms)
			ResolveRequiredComponents (4ms)
	FinalizeReload (544ms)
		ReleaseScriptCaches (0ms)
		RebuildScriptCaches (0ms)
		SetupLoadedEditorAssemblies (398ms)
			LogAssemblyErrors (0ms)
			InitializePlatformSupportModulesInManaged (29ms)
			SetLoadedEditorAssemblies (5ms)
			RefreshPlugins (0ms)
			BeforeProcessingInitializeOnLoad (76ms)
			ProcessInitializeOnLoadAttributes (256ms)
			ProcessInitializeOnLoadMethodAttributes (16ms)
			AfterProcessingInitializeOnLoad (17ms)
			EditorAssembliesLoaded (0ms)
		ExecutionOrderSort2 (0ms)
		AwakeInstancesAfterBackupRestoration (14ms)
Launched and connected shader compiler UnityShaderCompiler.exe after 0.07 seconds
Refreshing native plugins compatible for Editor in 6.99 ms, found 3 plugins.
Preloading 0 native plugins for Editor in 0.00 ms.
Unloading 3073 Unused Serialized files (Serialized files now loaded: 0)
Unloading 31 unused Assets / (56.5 KB). Loaded Objects now: 3552.
Memory consumption went from 128.8 MB to 128.7 MB.
Total: 2.672300 ms (FindLiveObjects: 0.327900 ms CreateObjectMapping: 0.077400 ms MarkObjects: 2.161000 ms  DeleteObjects: 0.105100 ms)

AssetImportParameters requested are different than current active one (requested -> active):
  custom:container-demuxer-ogg: 62fdf1f143b41e24485cea50d1cbac27 -> 
  custom:video-decoder-ogg-theora: a1e56fd34408186e4bbccfd4996cb3dc -> 
  custom:framework-win-MediaFoundation: 216162199b28c13a410421893ffa2e32 -> 
  custom:container-demuxer-webm: 4f35f7cbe854078d1ac9338744f61a02 -> 
  custom:container-muxer-webm: aa71ff27fc2769a1b78a27578f13a17b -> 
  custom:video-decoder-webm-vp8: 9c59270c3fd7afecdb556c50c9e8de78 -> 
  custom:AudioImporter_EditorPlatform: d09bf68614088b80899f8185d706f6e7 -> 
  custom:video-encoder-webm-vp8: eb34c28f22e8b96e1ab97ce403110664 -> 
  custom:audio-decoder-ogg-vorbis: bf7c407c2cedff20999df2af8eb42d56 -> 
  custom:audio-encoder-webm-vorbis: bf7c407c2cedff20999df2af8eb42d56 -> 
========================================================================
Received Import Request.
  Time since last request: 49810.660402 seconds.
  path: Assets/RTS Asset/TT_RTS/TT_RTS_Standard/models/units/TT_RTS_Cavalry_customizable.FBX
  artifactKey: Guid(cf2f4f48c57855a4faee32e736b71983) Importer(815301076,1909f56bfc062723c751e8b465ee728b)
Start importing Assets/RTS Asset/TT_RTS/TT_RTS_Standard/models/units/TT_RTS_Cavalry_customizable.FBX using Guid(cf2f4f48c57855a4faee32e736b71983) Importer(815301076,1909f56bfc062723c751e8b465ee728b)  -> (artifact id: 'dcc37cead12578dd05f2bc99cbee195c') in 1.333953 seconds
Number of updated asset objects reloaded before import = 0
Number of asset objects unloaded after import = 1154
========================================================================
Received Import Request.
  Time since last request: 0.000025 seconds.
  path: Assets/RTS Asset/TT_RTS/TT_RTS_Standard/models
  artifactKey: Guid(697e2217ddd47a34593d1d3787a79ed7) Importer(815301076,1909f56bfc062723c751e8b465ee728b)
Start importing Assets/RTS Asset/TT_RTS/TT_RTS_Standard/models using Guid(697e2217ddd47a34593d1d3787a79ed7) Importer(815301076,1909f56bfc062723c751e8b465ee728b)  -> (artifact id: 'a7aeccfb27f0f8f8af83c03760f8de63') in 0.003878 seconds
Number of updated asset objects reloaded before import = 0
Number of asset objects unloaded after import = 0
========================================================================
Received Import Request.
  Time since last request: 0.000071 seconds.
  path: Assets/RTS Asset/TT_RTS/TT_RTS_Standard/models/units/TT_RTS_Characters_customizable.FBX
  artifactKey: Guid(02ded044b8e0963439276550f50be6f9) Importer(815301076,1909f56bfc062723c751e8b465ee728b)
Start importing Assets/RTS Asset/TT_RTS/TT_RTS_Standard/models/units/TT_RTS_Characters_customizable.FBX using Guid(02ded044b8e0963439276550f50be6f9) Importer(815301076,1909f56bfc062723c751e8b465ee728b)  -> (artifact id: '674e1b863ebd940f2de7a96ecfe40180') in 1.028787 seconds
Number of updated asset objects reloaded before import = 0
Number of asset objects unloaded after import = 1036
========================================================================
Received Import Request.
  Time since last request: 0.000025 seconds.
  path: Assets/RTS Asset/TT_RTS/TT_RTS_Standard/models/units
  artifactKey: Guid(0cbd7b3acd1bda74fb46e886751ffaed) Importer(815301076,1909f56bfc062723c751e8b465ee728b)
Start importing Assets/RTS Asset/TT_RTS/TT_RTS_Standard/models/units using Guid(0cbd7b3acd1bda74fb46e886751ffaed) Importer(815301076,1909f56bfc062723c751e8b465ee728b)  -> (artifact id: 'b004655d3d3d1ed9c529132ee2ecd58a') in 0.003383 seconds
Number of updated asset objects reloaded before import = 0
Number of asset objects unloaded after import = 0
========================================================================
Received Import Request.
  Time since last request: 5.993620 seconds.
  path: Assets/RTS Asset/TT_RTS/TT_RTS_Standard/animation
  artifactKey: Guid(ea1d82ceed97198448c17008237a668c) Importer(815301076,1909f56bfc062723c751e8b465ee728b)
Start importing Assets/RTS Asset/TT_RTS/TT_RTS_Standard/animation using Guid(ea1d82ceed97198448c17008237a668c) Importer(815301076,1909f56bfc062723c751e8b465ee728b)  -> (artifact id: '9bb5da525e26c28d7708fd6b54df4df4') in 0.002010 seconds
Number of updated asset objects reloaded before import = 0
Number of asset objects unloaded after import = 0
========================================================================
Received Import Request.
  Time since last request: 0.373127 seconds.
  path: Assets/RTS Asset/TT_RTS/TT_RTS_Standard/FX
  artifactKey: Guid(b46c2f2b61354b24895f8a6f157a1d23) Importer(815301076,1909f56bfc062723c751e8b465ee728b)
Start importing Assets/RTS Asset/TT_RTS/TT_RTS_Standard/FX using Guid(b46c2f2b61354b24895f8a6f157a1d23) Importer(815301076,1909f56bfc062723c751e8b465ee728b)  -> (artifact id: '3ad795b600018677d64217fe7f12fa3b') in 0.002894 seconds
Number of updated asset objects reloaded before import = 0
Number of asset objects unloaded after import = 0
========================================================================
Received Import Request.
  Time since last request: 3.463146 seconds.
  path: Assets/RTS Asset/TT_RTS/TT_RTS_Standard/models/buildings
  artifactKey: Guid(4b749db41af498e4e8de83af0fa39396) Importer(815301076,1909f56bfc062723c751e8b465ee728b)
Start importing Assets/RTS Asset/TT_RTS/TT_RTS_Standard/models/buildings using Guid(4b749db41af498e4e8de83af0fa39396) Importer(815301076,1909f56bfc062723c751e8b465ee728b)  -> (artifact id: '42e5d0be9ac9e3363d268c8fb6f0c0b9') in 0.000723 seconds
Number of updated asset objects reloaded before import = 0
Number of asset objects unloaded after import = 0
========================================================================
Received Import Request.
  Time since last request: 7.233163 seconds.
  path: Assets/RTS Asset/TT_RTS/TT_RTS_Standard/models/units/machines
  artifactKey: Guid(3be844170e5bc77489fcbad2173a7075) Importer(815301076,1909f56bfc062723c751e8b465ee728b)
Start importing Assets/RTS Asset/TT_RTS/TT_RTS_Standard/models/units/machines using Guid(3be844170e5bc77489fcbad2173a7075) Importer(815301076,1909f56bfc062723c751e8b465ee728b)  -> (artifact id: 'a6e429a4bc12d087c606df2280ce3fe3') in 0.000832 seconds
Number of updated asset objects reloaded before import = 0
Number of asset objects unloaded after import = 0
========================================================================
Received Import Request.
  Time since last request: 2.799508 seconds.
  path: Assets/RTS Asset/TT_RTS/TT_RTS_Standard/models/units/machines/TT_RTS_Cart.FBX
  artifactKey: Guid(883d216e6f21bc6469c84867c3deea7c) Importer(815301076,1909f56bfc062723c751e8b465ee728b)
Start importing Assets/RTS Asset/TT_RTS/TT_RTS_Standard/models/units/machines/TT_RTS_Cart.FBX using Guid(883d216e6f21bc6469c84867c3deea7c) Importer(815301076,1909f56bfc062723c751e8b465ee728b)  -> (artifact id: '33513852dc3fbe2b13ed229dc42aea19') in 0.315364 seconds
Number of updated asset objects reloaded before import = 0
Number of asset objects unloaded after import = 370
========================================================================
Received Prepare
Refreshing native plugins compatible for Editor in 5.71 ms, found 3 plugins.
Preloading 0 native plugins for Editor in 0.00 ms.
Unloading 0 Unused Serialized files (Serialized files now loaded: 0)
Unloading 1 unused Assets / (0.8 KB). Loaded Objects now: 3564.
Memory consumption went from 82.2 MB to 82.2 MB.
Total: 2.644500 ms (FindLiveObjects: 0.233700 ms CreateObjectMapping: 0.076800 ms MarkObjects: 2.317500 ms  DeleteObjects: 0.015900 ms)

Prepare: number of updated asset objects reloaded= 0
AssetImportParameters requested are different than current active one (requested -> active):
  custom:container-demuxer-ogg: 62fdf1f143b41e24485cea50d1cbac27 -> 
  custom:video-decoder-ogg-theora: a1e56fd34408186e4bbccfd4996cb3dc -> 
  custom:framework-win-MediaFoundation: 216162199b28c13a410421893ffa2e32 -> 
  custom:CustomObjectIndexerAttribute: 756ad292c208cfabdd7b50bc23989ffe -> 
  custom:container-demuxer-webm: 4f35f7cbe854078d1ac9338744f61a02 -> 
  custom:container-muxer-webm: aa71ff27fc2769a1b78a27578f13a17b -> 
  custom:video-decoder-webm-vp8: 9c59270c3fd7afecdb556c50c9e8de78 -> 
  custom:SearchIndexIgnoredProperties: e643bd26f0fe6173181afceb89e7c659 -> 
  custom:AudioImporter_EditorPlatform: d09bf68614088b80899f8185d706f6e7 -> 
  custom:video-encoder-webm-vp8: eb34c28f22e8b96e1ab97ce403110664 -> 
  custom:audio-decoder-ogg-vorbis: bf7c407c2cedff20999df2af8eb42d56 -> 
  custom:audio-encoder-webm-vorbis: bf7c407c2cedff20999df2af8eb42d56 -> 
