Using pre-set license
Built from '2022.3/staging' branch; Version is '2022.3.7f1 (b16b3b16c7a0) revision 11627323'; Using compiler version '192829333'; Build Type 'Release'
OS: 'Windows 10  (10.0.19042) 64bit Core' Language: 'ko' Physical Memory: 32439 MB
BatchMode: 1, IsHumanControllingUs: 0, StartBugReporterOnCrash: 0, Is64bit: 1, IsPro: 1

COMMAND LINE ARGUMENTS:
D:\Unity 22.3.7\Editor\Unity.exe
-adb2
-batchMode
-noUpm
-name
AssetImportWorker0
-projectPath
D:/Hyunjun Github/RTS-Portfolio/RTS Portfolio
-logFile
Logs/AssetImportWorker0.log
-srvPort
58940
Successfully changed project path to: D:/Hyunjun Github/RTS-Portfolio/RTS Portfolio
D:/Hyunjun Github/RTS-Portfolio/RTS Portfolio
[UnityMemory] Configuration Parameters - Can be set up in boot.config
    "memorysetup-bucket-allocator-granularity=16"
    "memorysetup-bucket-allocator-bucket-count=8"
    "memorysetup-bucket-allocator-block-size=33554432"
    "memorysetup-bucket-allocator-block-count=8"
    "memorysetup-main-allocator-block-size=16777216"
    "memorysetup-thread-allocator-block-size=16777216"
    "memorysetup-gfx-main-allocator-block-size=16777216"
    "memorysetup-gfx-thread-allocator-block-size=16777216"
    "memorysetup-cache-allocator-block-size=4194304"
    "memorysetup-typetree-allocator-block-size=2097152"
    "memorysetup-profiler-bucket-allocator-granularity=16"
    "memorysetup-profiler-bucket-allocator-bucket-count=8"
    "memorysetup-profiler-bucket-allocator-block-size=33554432"
    "memorysetup-profiler-bucket-allocator-block-count=8"
    "memorysetup-profiler-allocator-block-size=16777216"
    "memorysetup-profiler-editor-allocator-block-size=1048576"
    "memorysetup-temp-allocator-size-main=16777216"
    "memorysetup-job-temp-allocator-block-size=2097152"
    "memorysetup-job-temp-allocator-block-size-background=1048576"
    "memorysetup-job-temp-allocator-reduction-small-platforms=262144"
    "memorysetup-allocator-temp-initial-block-size-main=262144"
    "memorysetup-allocator-temp-initial-block-size-worker=262144"
    "memorysetup-temp-allocator-size-background-worker=32768"
    "memorysetup-temp-allocator-size-job-worker=262144"
    "memorysetup-temp-allocator-size-preload-manager=33554432"
    "memorysetup-temp-allocator-size-nav-mesh-worker=65536"
    "memorysetup-temp-allocator-size-audio-worker=65536"
    "memorysetup-temp-allocator-size-cloud-worker=32768"
    "memorysetup-temp-allocator-size-gi-baking-worker=262144"
    "memorysetup-temp-allocator-size-gfx=262144"
Player connection [22272] Host "[IP] 172.16.133.14 [Port] 0 [Flags] 2 [Guid] 3445367461 [EditorId] 3445367461 [Version] 1048832 [Id] WindowsEditor(7,DESKTOP-5AO2MO1) [Debug] 1 [PackageName] WindowsEditor [ProjectName] Editor" joined multi-casting on [225.0.0.222:54997]...

Player connection [22272] Host "[IP] 172.16.133.14 [Port] 0 [Flags] 2 [Guid] 3445367461 [EditorId] 3445367461 [Version] 1048832 [Id] WindowsEditor(7,DESKTOP-5AO2MO1) [Debug] 1 [PackageName] WindowsEditor [ProjectName] Editor" joined alternative multi-casting on [225.0.0.222:34997]...

Refreshing native plugins compatible for Editor in 17.25 ms, found 3 plugins.
Preloading 0 native plugins for Editor in 0.00 ms.
Initialize engine version: 2022.3.7f1 (b16b3b16c7a0)
[Subsystems] Discovering subsystems at path D:/Unity 22.3.7/Editor/Data/Resources/UnitySubsystems
[Subsystems] Discovering subsystems at path D:/Hyunjun Github/RTS-Portfolio/RTS Portfolio/Assets
GfxDevice: creating device client; threaded=0; jobified=0
Direct3D:
    Version:  Direct3D 11.0 [level 11.1]
    Renderer: Intel(R) HD Graphics 530 (ID=0x1912)
    Vendor:   Intel
    VRAM:     16219 MB
    Driver:   27.20.100.8935
Initialize mono
Mono path[0] = 'D:/Unity 22.3.7/Editor/Data/Managed'
Mono path[1] = 'D:/Unity 22.3.7/Editor/Data/MonoBleedingEdge/lib/mono/unityjit-win32'
Mono config path = 'D:/Unity 22.3.7/Editor/Data/MonoBleedingEdge/etc'
Using monoOptions --debugger-agent=transport=dt_socket,embedding=1,server=y,suspend=n,address=127.0.0.1:56828
Begin MonoManager ReloadAssembly
Registering precompiled unity dll's ...
Register platform support module: D:/Unity 22.3.7/Editor/Data/PlaybackEngines/WindowsStandaloneSupport/UnityEditor.WindowsStandalone.Extensions.dll
Registered in 0.009312 seconds.
- Loaded All Assemblies, in  0.722 seconds
Native extension for WindowsStandalone target not found
Mono: successfully reloaded assembly
- Finished resetting the current domain, in  0.455 seconds
Domain Reload Profiling: 1176ms
	BeginReloadAssembly (237ms)
		ExecutionOrderSort (0ms)
		DisableScriptedObjects (0ms)
		BackupInstance (0ms)
		ReleaseScriptingObjects (0ms)
		CreateAndSetChildDomain (1ms)
	RebuildCommonClasses (67ms)
	RebuildNativeTypeToScriptingClass (21ms)
	initialDomainReloadingComplete (98ms)
	LoadAllAssembliesAndSetupDomain (297ms)
		LoadAssemblies (236ms)
		RebuildTransferFunctionScriptingTraits (0ms)
		AnalyzeDomain (293ms)
			TypeCache.Refresh (290ms)
				TypeCache.ScanAssembly (267ms)
			ScanForSourceGeneratedMonoScriptInfo (1ms)
			ResolveRequiredComponents (1ms)
	FinalizeReload (455ms)
		ReleaseScriptCaches (0ms)
		RebuildScriptCaches (0ms)
		SetupLoadedEditorAssemblies (356ms)
			LogAssemblyErrors (0ms)
			InitializePlatformSupportModulesInManaged (15ms)
			SetLoadedEditorAssemblies (14ms)
			RefreshPlugins (0ms)
			BeforeProcessingInitializeOnLoad (4ms)
			ProcessInitializeOnLoadAttributes (251ms)
			ProcessInitializeOnLoadMethodAttributes (72ms)
			AfterProcessingInitializeOnLoad (0ms)
			EditorAssembliesLoaded (0ms)
		ExecutionOrderSort2 (0ms)
		AwakeInstancesAfterBackupRestoration (0ms)
========================================================================
Worker process is ready to serve import requests
Begin MonoManager ReloadAssembly
Symbol file LoadedFromMemory doesn't match image D:\Hyunjun Github\RTS-Portfolio\RTS Portfolio\Library\PackageCache\com.unity.visualscripting@1.8.0\Editor\VisualScripting.Core\Dependencies\YamlDotNet\Unity.VisualScripting.YamlDotNet.dll
Symbol file LoadedFromMemory doesn't match image D:\Hyunjun Github\RTS-Portfolio\RTS Portfolio\Library\PackageCache\com.unity.visualscripting@1.8.0\Editor\VisualScripting.Core\Dependencies\DotNetZip\Unity.VisualScripting.IonicZip.dll
- Loaded All Assemblies, in  0.830 seconds
Refreshing native plugins compatible for Editor in 3.83 ms, found 3 plugins.
Native extension for WindowsStandalone target not found
Package Manager log level set to [2]
[Package Manager] Server::EnsureServerProcessIsRunning -- launch failed, reason: Unity was launched with the -noUpm command-line argument
[Package Manager] UpmClient::Send -- Unable to send message (not connected to UPM process).
[Package Manager] Cannot connect to Unity Package Manager local server
Mono: successfully reloaded assembly
- Finished resetting the current domain, in  0.702 seconds
Domain Reload Profiling: 1531ms
	BeginReloadAssembly (209ms)
		ExecutionOrderSort (0ms)
		DisableScriptedObjects (7ms)
		BackupInstance (0ms)
		ReleaseScriptingObjects (0ms)
		CreateAndSetChildDomain (25ms)
	RebuildCommonClasses (45ms)
	RebuildNativeTypeToScriptingClass (14ms)
	initialDomainReloadingComplete (47ms)
	LoadAllAssembliesAndSetupDomain (514ms)
		LoadAssemblies (414ms)
		RebuildTransferFunctionScriptingTraits (0ms)
		AnalyzeDomain (234ms)
			TypeCache.Refresh (207ms)
				TypeCache.ScanAssembly (189ms)
			ScanForSourceGeneratedMonoScriptInfo (20ms)
			ResolveRequiredComponents (5ms)
	FinalizeReload (703ms)
		ReleaseScriptCaches (0ms)
		RebuildScriptCaches (0ms)
		SetupLoadedEditorAssemblies (518ms)
			LogAssemblyErrors (0ms)
			InitializePlatformSupportModulesInManaged (5ms)
			SetLoadedEditorAssemblies (5ms)
			RefreshPlugins (0ms)
			BeforeProcessingInitializeOnLoad (100ms)
			ProcessInitializeOnLoadAttributes (376ms)
			ProcessInitializeOnLoadMethodAttributes (25ms)
			AfterProcessingInitializeOnLoad (6ms)
			EditorAssembliesLoaded (0ms)
		ExecutionOrderSort2 (0ms)
		AwakeInstancesAfterBackupRestoration (12ms)
Launched and connected shader compiler UnityShaderCompiler.exe after 0.07 seconds
Refreshing native plugins compatible for Editor in 4.15 ms, found 3 plugins.
Preloading 0 native plugins for Editor in 0.00 ms.
Unloading 3122 Unused Serialized files (Serialized files now loaded: 0)
Unloading 31 unused Assets / (56.5 KB). Loaded Objects now: 3605.
Memory consumption went from 124.9 MB to 124.9 MB.
Total: 4.122900 ms (FindLiveObjects: 0.271000 ms CreateObjectMapping: 0.227700 ms MarkObjects: 3.459100 ms  DeleteObjects: 0.164000 ms)

AssetImportParameters requested are different than current active one (requested -> active):
  custom:container-demuxer-ogg: 62fdf1f143b41e24485cea50d1cbac27 -> 
  custom:video-decoder-ogg-theora: a1e56fd34408186e4bbccfd4996cb3dc -> 
  custom:framework-win-MediaFoundation: 216162199b28c13a410421893ffa2e32 -> 
  custom:CustomObjectIndexerAttribute: 756ad292c208cfabdd7b50bc23989ffe -> 
  custom:container-demuxer-webm: 4f35f7cbe854078d1ac9338744f61a02 -> 
  custom:container-muxer-webm: aa71ff27fc2769a1b78a27578f13a17b -> 
  custom:video-decoder-webm-vp8: 9c59270c3fd7afecdb556c50c9e8de78 -> 
  custom:SearchIndexIgnoredProperties: e643bd26f0fe6173181afceb89e7c659 -> 
  custom:AudioImporter_EditorPlatform: d09bf68614088b80899f8185d706f6e7 -> 
  custom:video-encoder-webm-vp8: eb34c28f22e8b96e1ab97ce403110664 -> 
  custom:audio-decoder-ogg-vorbis: bf7c407c2cedff20999df2af8eb42d56 -> 
  custom:audio-encoder-webm-vorbis: bf7c407c2cedff20999df2af8eb42d56 -> 
========================================================================
Received Import Request.
  Time since last request: 3542622.018782 seconds.
  path: Assets/Animators
  artifactKey: Guid(62ab5c56d2bb7f04298ee2e06b46c38d) Importer(815301076,1909f56bfc062723c751e8b465ee728b)
Start importing Assets/Animators using Guid(62ab5c56d2bb7f04298ee2e06b46c38d) Importer(815301076,1909f56bfc062723c751e8b465ee728b)  -> (artifact id: 'cb21e5fcf388ef6830c99304aacbb51b') in 0.001789 seconds
Number of updated asset objects reloaded before import = 0
Number of asset objects unloaded after import = 0
========================================================================
Received Import Request.
  Time since last request: 0.000025 seconds.
  path: Assets/Textures
  artifactKey: Guid(761abc279fc9c60488a0e950eeb654f4) Importer(815301076,1909f56bfc062723c751e8b465ee728b)
Start importing Assets/Textures using Guid(761abc279fc9c60488a0e950eeb654f4) Importer(815301076,1909f56bfc062723c751e8b465ee728b)  -> (artifact id: '6d50efe157bd7fbe29494beecef15e0d') in 0.000388 seconds
Number of updated asset objects reloaded before import = 0
Number of asset objects unloaded after import = 0
========================================================================
Received Import Request.
  Time since last request: 0.000217 seconds.
  path: Assets/Textures/Main_panel.png
  artifactKey: Guid(f08bbd821df466542a165266a2cb9716) Importer(815301076,1909f56bfc062723c751e8b465ee728b)
Start importing Assets/Textures/Main_panel.png using Guid(f08bbd821df466542a165266a2cb9716) Importer(815301076,1909f56bfc062723c751e8b465ee728b)  -> (artifact id: '9ef38552da72404b4f3c81f2af261040') in 0.125388 seconds
Number of updated asset objects reloaded before import = 0
Number of asset objects unloaded after import = 3
========================================================================
Received Import Request.
  Time since last request: 0.000017 seconds.
  path: Assets/Terrain
  artifactKey: Guid(93fea300f006ebe429a756297158a4ad) Importer(815301076,1909f56bfc062723c751e8b465ee728b)
Start importing Assets/Terrain using Guid(93fea300f006ebe429a756297158a4ad) Importer(815301076,1909f56bfc062723c751e8b465ee728b)  -> (artifact id: '75bc02b7ee50bc758ca0a284a625ecd5') in 0.000422 seconds
Number of updated asset objects reloaded before import = 0
Number of asset objects unloaded after import = 0
========================================================================
Received Import Request.
  Time since last request: 481.282307 seconds.
  path: Assets/Textures/main_bg.png
  artifactKey: Guid(0681c26c82f56574c8d81dbea4c1e306) Importer(815301076,1909f56bfc062723c751e8b465ee728b)
Start importing Assets/Textures/main_bg.png using Guid(0681c26c82f56574c8d81dbea4c1e306) Importer(815301076,1909f56bfc062723c751e8b465ee728b)  -> (artifact id: 'eeee77cd022455b6bac0d6d177b0be0a') in 0.016039 seconds
Number of updated asset objects reloaded before import = 0
Number of asset objects unloaded after import = 2
========================================================================
Received Import Request.
  Time since last request: 1.339103 seconds.
  path: Assets/Textures/Map_Circle.png
  artifactKey: Guid(defa3bbebac86fd449d769f5b41a972e) Importer(815301076,1909f56bfc062723c751e8b465ee728b)
Start importing Assets/Textures/Map_Circle.png using Guid(defa3bbebac86fd449d769f5b41a972e) Importer(815301076,1909f56bfc062723c751e8b465ee728b)  -> (artifact id: 'be5838c73d172b9b5098d441fd835d39') in 0.012745 seconds
Number of updated asset objects reloaded before import = 0
Number of asset objects unloaded after import = 2
========================================================================
Received Import Request.
  Time since last request: 34.252280 seconds.
  path: Assets/Textures/Minimap_UI.png
  artifactKey: Guid(defa3bbebac86fd449d769f5b41a972e) Importer(815301076,1909f56bfc062723c751e8b465ee728b)
Start importing Assets/Textures/Minimap_UI.png using Guid(defa3bbebac86fd449d769f5b41a972e) Importer(815301076,1909f56bfc062723c751e8b465ee728b)  -> (artifact id: '254467111d6070f3b5c038946478ec49') in 0.012498 seconds
Number of updated asset objects reloaded before import = 0
Number of asset objects unloaded after import = 2
========================================================================
Received Import Request.
  Time since last request: 5.504834 seconds.
  path: Assets/Textures/Minimap_Circle.png
  artifactKey: Guid(defa3bbebac86fd449d769f5b41a972e) Importer(815301076,1909f56bfc062723c751e8b465ee728b)
Start importing Assets/Textures/Minimap_Circle.png using Guid(defa3bbebac86fd449d769f5b41a972e) Importer(815301076,1909f56bfc062723c751e8b465ee728b)  -> (artifact id: '61700d989e596768bc8048149801a7d4') in 0.013323 seconds
Number of updated asset objects reloaded before import = 0
Number of asset objects unloaded after import = 2
========================================================================
Received Import Request.
  Time since last request: 1.963730 seconds.
  path: Assets/Textures/main_king.png
  artifactKey: Guid(ae5ed882815b797418dae4e9099caf8c) Importer(815301076,1909f56bfc062723c751e8b465ee728b)
Start importing Assets/Textures/main_king.png using Guid(ae5ed882815b797418dae4e9099caf8c) Importer(815301076,1909f56bfc062723c751e8b465ee728b)  -> (artifact id: 'd366babbf2ef690538f9023477c7079c') in 0.021298 seconds
Number of updated asset objects reloaded before import = 0
Number of asset objects unloaded after import = 2
========================================================================
Received Import Request.
  Time since last request: 6.951558 seconds.
  path: Assets/Textures/main_secretary.png
  artifactKey: Guid(f47eb0d589f92fb4c8355f851a726151) Importer(815301076,1909f56bfc062723c751e8b465ee728b)
Start importing Assets/Textures/main_secretary.png using Guid(f47eb0d589f92fb4c8355f851a726151) Importer(815301076,1909f56bfc062723c751e8b465ee728b)  -> (artifact id: 'fd0cc5c1ebecc6a5524eb372d9605150') in 0.013098 seconds
Number of updated asset objects reloaded before import = 0
Number of asset objects unloaded after import = 2
========================================================================
Received Import Request.
  Time since last request: 5.298236 seconds.
  path: Assets/Textures/circle_cursor_green.png
  artifactKey: Guid(62e1c833c6eecc344935e6eb489a033c) Importer(815301076,1909f56bfc062723c751e8b465ee728b)
Start importing Assets/Textures/circle_cursor_green.png using Guid(62e1c833c6eecc344935e6eb489a033c) Importer(815301076,1909f56bfc062723c751e8b465ee728b)  -> (artifact id: '5a190892411a435f6f9c09ab25776f91') in 0.012283 seconds
Number of updated asset objects reloaded before import = 0
Number of asset objects unloaded after import = 2
========================================================================
Received Import Request.
  Time since last request: 0.483600 seconds.
  path: Assets/Textures/circle_cursor_red.png
  artifactKey: Guid(c6777c538fbe523449b8268220bb6e46) Importer(815301076,1909f56bfc062723c751e8b465ee728b)
Start importing Assets/Textures/circle_cursor_red.png using Guid(c6777c538fbe523449b8268220bb6e46) Importer(815301076,1909f56bfc062723c751e8b465ee728b)  -> (artifact id: '655c4ea40b43fe8d08e713009e3f52c1') in 0.012493 seconds
Number of updated asset objects reloaded before import = 0
Number of asset objects unloaded after import = 2
========================================================================
Received Import Request.
  Time since last request: 13.360309 seconds.
  path: Assets/Textures/Cursor.png
  artifactKey: Guid(21a5bdbcdfb53a24eafea62ce1a9cd9d) Importer(815301076,1909f56bfc062723c751e8b465ee728b)
Start importing Assets/Textures/Cursor.png using Guid(21a5bdbcdfb53a24eafea62ce1a9cd9d) Importer(815301076,1909f56bfc062723c751e8b465ee728b)  -> (artifact id: '46b89671a99035cb180577e34acf9c45') in 0.010784 seconds
Number of updated asset objects reloaded before import = 0
Number of asset objects unloaded after import = 1
========================================================================
Received Import Request.
  Time since last request: 61.884506 seconds.
  path: Assets/Textures/Minimap_Circle.png
  artifactKey: Guid(defa3bbebac86fd449d769f5b41a972e) Importer(815301076,1909f56bfc062723c751e8b465ee728b)
Start importing Assets/Textures/Minimap_Circle.png using Guid(defa3bbebac86fd449d769f5b41a972e) Importer(815301076,1909f56bfc062723c751e8b465ee728b)  -> (artifact id: '11aa2e6e5377d4df4beb09d65a5c496a') in 0.020377 seconds
Number of updated asset objects reloaded before import = 0
Number of asset objects unloaded after import = 3
========================================================================
Received Import Request.
  Time since last request: 2230.470205 seconds.
  path: Assets/Units
  artifactKey: Guid(7e9288b447f799d4088d6a2c9b906fec) Importer(815301076,1909f56bfc062723c751e8b465ee728b)
Start importing Assets/Units using Guid(7e9288b447f799d4088d6a2c9b906fec) Importer(815301076,1909f56bfc062723c751e8b465ee728b)  -> (artifact id: '4f2f9e2140200bb0cc694592e9dce6c0') in 0.001003 seconds
Number of updated asset objects reloaded before import = 0
Number of asset objects unloaded after import = 0
========================================================================
Received Import Request.
  Time since last request: 17.501576 seconds.
  path: Assets/RTS Asset
  artifactKey: Guid(c201c12d0d5cb4941ab16dc32e297fe3) Importer(815301076,1909f56bfc062723c751e8b465ee728b)
Start importing Assets/RTS Asset using Guid(c201c12d0d5cb4941ab16dc32e297fe3) Importer(815301076,1909f56bfc062723c751e8b465ee728b)  -> (artifact id: '82461148607951a84e142b786f445bab') in 0.000605 seconds
Number of updated asset objects reloaded before import = 0
Number of asset objects unloaded after import = 0
========================================================================
Received Import Request.
  Time since last request: 75.843751 seconds.
  path: Assets/Minimap Texture.renderTexture
  artifactKey: Guid(18f33d3880272c94db6f4428e0d376bf) Importer(815301076,1909f56bfc062723c751e8b465ee728b)
Start importing Assets/Minimap Texture.renderTexture using Guid(18f33d3880272c94db6f4428e0d376bf) Importer(815301076,1909f56bfc062723c751e8b465ee728b)  -> (artifact id: '8e7b5e1f43fabe34b6d714ca5a528b1c') in 0.019927 seconds
Number of updated asset objects reloaded before import = 0
Number of asset objects unloaded after import = 2
========================================================================
Received Import Request.
  Time since last request: 311.790301 seconds.
  path: Assets/Materials
  artifactKey: Guid(bffe3d73ca273674d9f2650aee6fa219) Importer(815301076,1909f56bfc062723c751e8b465ee728b)
Start importing Assets/Materials using Guid(bffe3d73ca273674d9f2650aee6fa219) Importer(815301076,1909f56bfc062723c751e8b465ee728b)  -> (artifact id: '7a166f11e5ab0ad3dff0580d7e8979a7') in 0.000822 seconds
Number of updated asset objects reloaded before import = 0
Number of asset objects unloaded after import = 0
========================================================================
Received Import Request.
  Time since last request: 3.625281 seconds.
  path: Assets/RTS Asset/TT_RTS/TT_RTS_Standard/FX/materials/textures/Blood_A.psd
  artifactKey: Guid(4bee57ac6bf555848a7f1b6766750bcb) Importer(815301076,1909f56bfc062723c751e8b465ee728b)
Start importing Assets/RTS Asset/TT_RTS/TT_RTS_Standard/FX/materials/textures/Blood_A.psd using Guid(4bee57ac6bf555848a7f1b6766750bcb) Importer(815301076,1909f56bfc062723c751e8b465ee728b)  -> (artifact id: '396f90ec785db5fc231c56f35443e388') in 0.016664 seconds
Number of updated asset objects reloaded before import = 0
Number of asset objects unloaded after import = 2
========================================================================
Received Import Request.
  Time since last request: 0.000165 seconds.
  path: Assets/Terrain/Textures/grass_biome2_a.png
  artifactKey: Guid(2ae8bbabd472c7142806fc9b9a84decb) Importer(815301076,1909f56bfc062723c751e8b465ee728b)
Start importing Assets/Terrain/Textures/grass_biome2_a.png using Guid(2ae8bbabd472c7142806fc9b9a84decb) Importer(815301076,1909f56bfc062723c751e8b465ee728b)  -> (artifact id: '93aaca88456a6f64be7249bd65123424') in 0.014398 seconds
Number of updated asset objects reloaded before import = 0
Number of asset objects unloaded after import = 2
========================================================================
Received Import Request.
  Time since last request: 0.000017 seconds.
  path: Assets/RTS Asset/TT_RTS/TT_RTS_Standard/models/extras/banners/materials/colors/TT_RTS_Banner_Pink.tga
  artifactKey: Guid(5d02c3b2981f49649a75c528311a25d6) Importer(815301076,1909f56bfc062723c751e8b465ee728b)
Start importing Assets/RTS Asset/TT_RTS/TT_RTS_Standard/models/extras/banners/materials/colors/TT_RTS_Banner_Pink.tga using Guid(5d02c3b2981f49649a75c528311a25d6) Importer(815301076,1909f56bfc062723c751e8b465ee728b)  -> (artifact id: 'd218b7fd57b45b7aa178c6f442549cf4') in 0.013188 seconds
Number of updated asset objects reloaded before import = 0
Number of asset objects unloaded after import = 2
========================================================================
Received Import Request.
  Time since last request: 0.000017 seconds.
  path: Assets/RTS Asset/TT_RTS/TT_RTS_Standard/models/materials/color/Buildings/textures/TT_RTS_Buildings_blue.tga
  artifactKey: Guid(5a1b9a7baf40b0b4e86735f897d56a85) Importer(815301076,1909f56bfc062723c751e8b465ee728b)
Start importing Assets/RTS Asset/TT_RTS/TT_RTS_Standard/models/materials/color/Buildings/textures/TT_RTS_Buildings_blue.tga using Guid(5a1b9a7baf40b0b4e86735f897d56a85) Importer(815301076,1909f56bfc062723c751e8b465ee728b)  -> (artifact id: '72db0139f69a46cd98b807e4ce380b8f') in 0.014015 seconds
Number of updated asset objects reloaded before import = 0
Number of asset objects unloaded after import = 2
========================================================================
Received Import Request.
  Time since last request: 0.000084 seconds.
  path: Assets/RTS Asset/TT_RTS/TT_RTS_Standard/models/materials/color/Buildings/textures/TT_RTS_Buildings_white.tga
  artifactKey: Guid(cb080ba6f8e73bf4e9d76bcbf55ae4f2) Importer(815301076,1909f56bfc062723c751e8b465ee728b)
Start importing Assets/RTS Asset/TT_RTS/TT_RTS_Standard/models/materials/color/Buildings/textures/TT_RTS_Buildings_white.tga using Guid(cb080ba6f8e73bf4e9d76bcbf55ae4f2) Importer(815301076,1909f56bfc062723c751e8b465ee728b)  -> (artifact id: '184235bb11752b2891c6dea8082f5c9e') in 0.013098 seconds
Number of updated asset objects reloaded before import = 0
Number of asset objects unloaded after import = 2
========================================================================
Received Import Request.
  Time since last request: 0.000017 seconds.
  path: Assets/RTS Asset/TT_RTS/TT_RTS_Standard/models/extras/banners/materials/colors/TT_RTS_Banner_White.tga
  artifactKey: Guid(a788e0d8b03c71443ac9fddbac8608fd) Importer(815301076,1909f56bfc062723c751e8b465ee728b)
Start importing Assets/RTS Asset/TT_RTS/TT_RTS_Standard/models/extras/banners/materials/colors/TT_RTS_Banner_White.tga using Guid(a788e0d8b03c71443ac9fddbac8608fd) Importer(815301076,1909f56bfc062723c751e8b465ee728b)  -> (artifact id: 'afc84367ada6a1e689f97ad037ce2d41') in 0.013607 seconds
Number of updated asset objects reloaded before import = 0
Number of asset objects unloaded after import = 2
========================================================================
Received Import Request.
  Time since last request: 0.000029 seconds.
  path: Assets/RTS Asset/TT_RTS/TT_RTS_Standard/FX/materials/textures/Wave_A.psd
  artifactKey: Guid(2a6e4ea7ce6a82e468df81c36bb0cab8) Importer(815301076,1909f56bfc062723c751e8b465ee728b)
Start importing Assets/RTS Asset/TT_RTS/TT_RTS_Standard/FX/materials/textures/Wave_A.psd using Guid(2a6e4ea7ce6a82e468df81c36bb0cab8) Importer(815301076,1909f56bfc062723c751e8b465ee728b)  -> (artifact id: '20f08f8013353f574d1326db683a2c62') in 0.014581 seconds
Number of updated asset objects reloaded before import = 0
Number of asset objects unloaded after import = 2
========================================================================
Received Import Request.
  Time since last request: 0.000019 seconds.
  path: Assets/RTS Asset/TT_RTS/TT_RTS_Standard/FX/materials/textures/Small_particle.psd
  artifactKey: Guid(d02f9739f0bf15149a7a54cf3b9750b5) Importer(815301076,1909f56bfc062723c751e8b465ee728b)
Start importing Assets/RTS Asset/TT_RTS/TT_RTS_Standard/FX/materials/textures/Small_particle.psd using Guid(d02f9739f0bf15149a7a54cf3b9750b5) Importer(815301076,1909f56bfc062723c751e8b465ee728b)  -> (artifact id: '503cb564dcf2c2d5e1dee7019e556fb3') in 0.026857 seconds
Number of updated asset objects reloaded before import = 0
Number of asset objects unloaded after import = 2
========================================================================
Received Import Request.
  Time since last request: 0.000035 seconds.
  path: Assets/RTS Asset/TT_RTS/TT_RTS_Standard/models/materials/TT_RTS_Units_texture.tga
  artifactKey: Guid(cfe610aa65730394298159382447706b) Importer(815301076,1909f56bfc062723c751e8b465ee728b)
Start importing Assets/RTS Asset/TT_RTS/TT_RTS_Standard/models/materials/TT_RTS_Units_texture.tga using Guid(cfe610aa65730394298159382447706b) Importer(815301076,1909f56bfc062723c751e8b465ee728b)  -> (artifact id: 'abdc2ce009fbef0c03e4e6e22cbd907b') in 0.017975 seconds
Number of updated asset objects reloaded before import = 0
Number of asset objects unloaded after import = 2
========================================================================
Received Import Request.
  Time since last request: 0.000037 seconds.
  path: Assets/RTS Asset/TT_RTS/TT_RTS_Standard/models/materials/color/Buildings/textures/TT_RTS_Buildings_yellow.tga
  artifactKey: Guid(7085117599da88643bf1a4ce3865666a) Importer(815301076,1909f56bfc062723c751e8b465ee728b)
Start importing Assets/RTS Asset/TT_RTS/TT_RTS_Standard/models/materials/color/Buildings/textures/TT_RTS_Buildings_yellow.tga using Guid(7085117599da88643bf1a4ce3865666a) Importer(815301076,1909f56bfc062723c751e8b465ee728b)  -> (artifact id: 'e1c620a00ee16b6e1de105e7f7b42659') in 0.022399 seconds
Number of updated asset objects reloaded before import = 0
Number of asset objects unloaded after import = 2
========================================================================
Received Import Request.
  Time since last request: 0.000037 seconds.
  path: Assets/RTS Asset/TT_RTS/TT_RTS_Standard/models/extras/banners/materials/colors/TT_RTS_Banner_Green_B.tga
  artifactKey: Guid(0b291cb0270bffd48b5559af7f31d921) Importer(815301076,1909f56bfc062723c751e8b465ee728b)
Start importing Assets/RTS Asset/TT_RTS/TT_RTS_Standard/models/extras/banners/materials/colors/TT_RTS_Banner_Green_B.tga using Guid(0b291cb0270bffd48b5559af7f31d921) Importer(815301076,1909f56bfc062723c751e8b465ee728b)  -> (artifact id: '63865fa5c33a6cfbb51ea2d72bbd51c9') in 0.014670 seconds
Number of updated asset objects reloaded before import = 0
Number of asset objects unloaded after import = 2
========================================================================
Received Import Request.
  Time since last request: 0.000016 seconds.
  path: Assets/RTS Asset/TT_RTS/TT_RTS_Standard/models/materials/color/Units/Textures/TT_RTS_Units_black.tga
  artifactKey: Guid(9f94d491ebee8d04d8124b25f485a94b) Importer(815301076,1909f56bfc062723c751e8b465ee728b)
Start importing Assets/RTS Asset/TT_RTS/TT_RTS_Standard/models/materials/color/Units/Textures/TT_RTS_Units_black.tga using Guid(9f94d491ebee8d04d8124b25f485a94b) Importer(815301076,1909f56bfc062723c751e8b465ee728b)  -> (artifact id: '9b8ec2a168043fea8e6df1e1ddeb204e') in 0.015292 seconds
Number of updated asset objects reloaded before import = 0
Number of asset objects unloaded after import = 2
========================================================================
Received Import Request.
  Time since last request: 0.000018 seconds.
  path: Assets/RTS Asset/TT_RTS/TT_RTS_Standard/models/extras/banners/materials/colors/TT_RTS_Banner_Blue_B.tga
  artifactKey: Guid(073238b900144d04c9dd1b9675b764f7) Importer(815301076,1909f56bfc062723c751e8b465ee728b)
Start importing Assets/RTS Asset/TT_RTS/TT_RTS_Standard/models/extras/banners/materials/colors/TT_RTS_Banner_Blue_B.tga using Guid(073238b900144d04c9dd1b9675b764f7) Importer(815301076,1909f56bfc062723c751e8b465ee728b)  -> (artifact id: '91869684deeb67090fd1b3d1497ce113') in 0.015605 seconds
Number of updated asset objects reloaded before import = 0
Number of asset objects unloaded after import = 2
========================================================================
Received Import Request.
  Time since last request: 0.000047 seconds.
  path: Assets/RTS Asset/TT_RTS/TT_RTS_Standard/FX/materials/textures/Explo_A.psd
  artifactKey: Guid(429a6b1c18f7fe44f967d0764eba8b96) Importer(815301076,1909f56bfc062723c751e8b465ee728b)
Start importing Assets/RTS Asset/TT_RTS/TT_RTS_Standard/FX/materials/textures/Explo_A.psd using Guid(429a6b1c18f7fe44f967d0764eba8b96) Importer(815301076,1909f56bfc062723c751e8b465ee728b)  -> (artifact id: '199f83f9faf40aac88d66257855e4527') in 0.018011 seconds
Number of updated asset objects reloaded before import = 0
Number of asset objects unloaded after import = 2
========================================================================
Received Import Request.
  Time since last request: 0.000112 seconds.
  path: Assets/RTS Asset/TT_RTS/TT_RTS_Standard/models/extras/banners/materials/colors/TT_RTS_Banner_Yellow.tga
  artifactKey: Guid(bb82ed32eeaa27549970117665015344) Importer(815301076,1909f56bfc062723c751e8b465ee728b)
Start importing Assets/RTS Asset/TT_RTS/TT_RTS_Standard/models/extras/banners/materials/colors/TT_RTS_Banner_Yellow.tga using Guid(bb82ed32eeaa27549970117665015344) Importer(815301076,1909f56bfc062723c751e8b465ee728b)  -> (artifact id: 'b7df292e3bd435f3be9685703cc939ce') in 0.013701 seconds
Number of updated asset objects reloaded before import = 0
Number of asset objects unloaded after import = 2
========================================================================
Received Import Request.
  Time since last request: 0.000051 seconds.
  path: Assets/RTS Asset/TT_RTS/TT_RTS_Standard/sample_scene/quad 1.tga
  artifactKey: Guid(a03cfce4b74be5848a849369f8d6e485) Importer(815301076,1909f56bfc062723c751e8b465ee728b)
Start importing Assets/RTS Asset/TT_RTS/TT_RTS_Standard/sample_scene/quad 1.tga using Guid(a03cfce4b74be5848a849369f8d6e485) Importer(815301076,1909f56bfc062723c751e8b465ee728b)  -> (artifact id: 'fc8fc62993939a39361bffc8c61f50d3') in 0.021852 seconds
Number of updated asset objects reloaded before import = 0
Number of asset objects unloaded after import = 2
========================================================================
Received Import Request.
  Time since last request: 0.000020 seconds.
  path: Assets/RTS Asset/TT_RTS/TT_RTS_Standard/models/materials/color/Buildings/textures/TT_RTS_Buildings_brown.tga
  artifactKey: Guid(5e887bbdb4ce7944da3ed540b3eed10a) Importer(815301076,1909f56bfc062723c751e8b465ee728b)
Start importing Assets/RTS Asset/TT_RTS/TT_RTS_Standard/models/materials/color/Buildings/textures/TT_RTS_Buildings_brown.tga using Guid(5e887bbdb4ce7944da3ed540b3eed10a) Importer(815301076,1909f56bfc062723c751e8b465ee728b)  -> (artifact id: '82cc9bc8768c352dcb9ed5d4ad73b5cd') in 0.016215 seconds
Number of updated asset objects reloaded before import = 0
Number of asset objects unloaded after import = 2
========================================================================
Received Import Request.
  Time since last request: 0.000034 seconds.
  path: Assets/RTS Asset/TT_RTS/TT_RTS_Standard/models/materials/color/Buildings/textures/TT_RTS_Buildings_green.tga
  artifactKey: Guid(1fcc6a1b048082f4dbcc6073418d28d8) Importer(815301076,1909f56bfc062723c751e8b465ee728b)
Start importing Assets/RTS Asset/TT_RTS/TT_RTS_Standard/models/materials/color/Buildings/textures/TT_RTS_Buildings_green.tga using Guid(1fcc6a1b048082f4dbcc6073418d28d8) Importer(815301076,1909f56bfc062723c751e8b465ee728b)  -> (artifact id: '2a74d7aa5b7edebc334038d3dc16eb42') in 0.019600 seconds
Number of updated asset objects reloaded before import = 0
Number of asset objects unloaded after import = 2
========================================================================
Received Import Request.
  Time since last request: 0.000018 seconds.
  path: Assets/RTS Asset/TT_RTS/TT_RTS_Standard/models/extras/banners/materials/TT_RTS_Banner_Texture.psd
  artifactKey: Guid(57d4c9cbbd780e74e91a7a21f2a9adaf) Importer(815301076,1909f56bfc062723c751e8b465ee728b)
Start importing Assets/RTS Asset/TT_RTS/TT_RTS_Standard/models/extras/banners/materials/TT_RTS_Banner_Texture.psd using Guid(57d4c9cbbd780e74e91a7a21f2a9adaf) Importer(815301076,1909f56bfc062723c751e8b465ee728b)  -> (artifact id: 'bf669c530ce9af5e0dfb1cdcabddd101') in 0.014950 seconds
Number of updated asset objects reloaded before import = 0
Number of asset objects unloaded after import = 2
========================================================================
Received Import Request.
  Time since last request: 0.000037 seconds.
  path: Assets/RTS Asset/TT_RTS/TT_RTS_Standard/models/extras/banners/materials/colors/TT_RTS_Banner_Purple.tga
  artifactKey: Guid(bdb6851450208a64c80959e7c7c2b2f8) Importer(815301076,1909f56bfc062723c751e8b465ee728b)
Start importing Assets/RTS Asset/TT_RTS/TT_RTS_Standard/models/extras/banners/materials/colors/TT_RTS_Banner_Purple.tga using Guid(bdb6851450208a64c80959e7c7c2b2f8) Importer(815301076,1909f56bfc062723c751e8b465ee728b)  -> (artifact id: '577e57a78f852d613688437298b2fcde') in 0.020859 seconds
Number of updated asset objects reloaded before import = 0
Number of asset objects unloaded after import = 2
========================================================================
Received Import Request.
  Time since last request: 0.000061 seconds.
  path: Assets/RTS Asset/TT_RTS/TT_RTS_Standard/models/extras/banners/materials/colors/TT_RTS_Banner_Red.tga
  artifactKey: Guid(cb3746379ea1a2e4da656b7c06430d9a) Importer(815301076,1909f56bfc062723c751e8b465ee728b)
Start importing Assets/RTS Asset/TT_RTS/TT_RTS_Standard/models/extras/banners/materials/colors/TT_RTS_Banner_Red.tga using Guid(cb3746379ea1a2e4da656b7c06430d9a) Importer(815301076,1909f56bfc062723c751e8b465ee728b)  -> (artifact id: 'f8e6f85ec688fc88e8531d1dde97c3a4') in 0.018250 seconds
Number of updated asset objects reloaded before import = 0
Number of asset objects unloaded after import = 2
========================================================================
Received Import Request.
  Time since last request: 0.000028 seconds.
  path: Assets/RTS Asset/TT_RTS/TT_RTS_Standard/models/materials/color/Buildings/textures/TT_RTS_Buildings_greenB.tga
  artifactKey: Guid(bc91718fd46c20f40b05303191508047) Importer(815301076,1909f56bfc062723c751e8b465ee728b)
Start importing Assets/RTS Asset/TT_RTS/TT_RTS_Standard/models/materials/color/Buildings/textures/TT_RTS_Buildings_greenB.tga using Guid(bc91718fd46c20f40b05303191508047) Importer(815301076,1909f56bfc062723c751e8b465ee728b)  -> (artifact id: 'e267643df58af45fd4d6103bcc12cb0d') in 0.021292 seconds
Number of updated asset objects reloaded before import = 0
Number of asset objects unloaded after import = 2
========================================================================
Received Import Request.
  Time since last request: 0.000045 seconds.
  path: Assets/RTS Asset/TT_RTS/TT_RTS_Standard/models/materials/color/Units/Textures/TT_RTS_Units_white.tga
  artifactKey: Guid(e8a048a6204b7924eb9a01fce96135e9) Importer(815301076,1909f56bfc062723c751e8b465ee728b)
Start importing Assets/RTS Asset/TT_RTS/TT_RTS_Standard/models/materials/color/Units/Textures/TT_RTS_Units_white.tga using Guid(e8a048a6204b7924eb9a01fce96135e9) Importer(815301076,1909f56bfc062723c751e8b465ee728b)  -> (artifact id: '7a633729d53b1925c4728f830ea8f101') in 0.016160 seconds
Number of updated asset objects reloaded before import = 0
Number of asset objects unloaded after import = 2
========================================================================
Received Import Request.
  Time since last request: 0.000016 seconds.
  path: Assets/RTS Asset/TT_RTS/TT_RTS_Standard/models/materials/color/Units/Textures/TT_RTS_Units_blue.tga
  artifactKey: Guid(58070d2e94dfb6e4cacf0aec8c770c43) Importer(815301076,1909f56bfc062723c751e8b465ee728b)
Start importing Assets/RTS Asset/TT_RTS/TT_RTS_Standard/models/materials/color/Units/Textures/TT_RTS_Units_blue.tga using Guid(58070d2e94dfb6e4cacf0aec8c770c43) Importer(815301076,1909f56bfc062723c751e8b465ee728b)  -> (artifact id: '5adda4f464d596e0b31108c2857332aa') in 0.022003 seconds
Number of updated asset objects reloaded before import = 0
Number of asset objects unloaded after import = 2
========================================================================
Received Import Request.
  Time since last request: 0.000031 seconds.
  path: Assets/RTS Asset/TT_RTS/TT_RTS_Standard/models/materials/color/Units/Textures/TT_RTS_Units_pink.tga
  artifactKey: Guid(5a8b3f1a72a94464ba058eb566691041) Importer(815301076,1909f56bfc062723c751e8b465ee728b)
Start importing Assets/RTS Asset/TT_RTS/TT_RTS_Standard/models/materials/color/Units/Textures/TT_RTS_Units_pink.tga using Guid(5a8b3f1a72a94464ba058eb566691041) Importer(815301076,1909f56bfc062723c751e8b465ee728b)  -> (artifact id: '1a05886ea6d8c5262d8ced7ca63b5a88') in 0.016011 seconds
Number of updated asset objects reloaded before import = 0
Number of asset objects unloaded after import = 2
========================================================================
Received Import Request.
  Time since last request: 0.000018 seconds.
  path: Assets/RTS Asset/TT_RTS/TT_RTS_Standard/models/materials/color/Buildings/textures/TT_RTS_Buildings_red.tga
  artifactKey: Guid(3095d9ea53f5b6c4e9ed75b6aba933f9) Importer(815301076,1909f56bfc062723c751e8b465ee728b)
Start importing Assets/RTS Asset/TT_RTS/TT_RTS_Standard/models/materials/color/Buildings/textures/TT_RTS_Buildings_red.tga using Guid(3095d9ea53f5b6c4e9ed75b6aba933f9) Importer(815301076,1909f56bfc062723c751e8b465ee728b)  -> (artifact id: 'a9219c2a869a463991f8f4a7b6815bac') in 0.022740 seconds
Number of updated asset objects reloaded before import = 0
Number of asset objects unloaded after import = 2
========================================================================
Received Import Request.
  Time since last request: 0.000017 seconds.
  path: Assets/RTS Asset/TT_RTS/TT_RTS_Standard/models/materials/color/Buildings/textures/TT_RTS_Buildings_tan.tga
  artifactKey: Guid(9ea9018a7ec6d4543924782cd00d1f4f) Importer(815301076,1909f56bfc062723c751e8b465ee728b)
Start importing Assets/RTS Asset/TT_RTS/TT_RTS_Standard/models/materials/color/Buildings/textures/TT_RTS_Buildings_tan.tga using Guid(9ea9018a7ec6d4543924782cd00d1f4f) Importer(815301076,1909f56bfc062723c751e8b465ee728b)  -> (artifact id: '988cb47d1f059e749b054e0461b0bc46') in 0.015665 seconds
Number of updated asset objects reloaded before import = 0
Number of asset objects unloaded after import = 2
========================================================================
Received Import Request.
  Time since last request: 0.000017 seconds.
  path: Assets/RTS Asset/TT_RTS/TT_RTS_Standard/models/materials/TT_RTS_Buildings_texture.tga
  artifactKey: Guid(d5fe7bc37fba71f4b9f5d89e19c8bb0e) Importer(815301076,1909f56bfc062723c751e8b465ee728b)
Start importing Assets/RTS Asset/TT_RTS/TT_RTS_Standard/models/materials/TT_RTS_Buildings_texture.tga using Guid(d5fe7bc37fba71f4b9f5d89e19c8bb0e) Importer(815301076,1909f56bfc062723c751e8b465ee728b)  -> (artifact id: 'e44484f826af3322bc1f544ba1f079bf') in 0.021825 seconds
Number of updated asset objects reloaded before import = 0
Number of asset objects unloaded after import = 2
========================================================================
Received Import Request.
  Time since last request: 0.000093 seconds.
  path: Assets/RTS Asset/TT_RTS/TT_RTS_Standard/FX/materials/textures/Smoke_B.psd
  artifactKey: Guid(58c8262a1d6df9242942279ccdd20419) Importer(815301076,1909f56bfc062723c751e8b465ee728b)
Start importing Assets/RTS Asset/TT_RTS/TT_RTS_Standard/FX/materials/textures/Smoke_B.psd using Guid(58c8262a1d6df9242942279ccdd20419) Importer(815301076,1909f56bfc062723c751e8b465ee728b)  -> (artifact id: '5df40dbd6899022d4b83145214b75e45') in 0.016682 seconds
Number of updated asset objects reloaded before import = 0
Number of asset objects unloaded after import = 2
========================================================================
Received Import Request.
  Time since last request: 0.000033 seconds.
  path: Assets/RTS Asset/TT_RTS/TT_RTS_Standard/models/materials/color/Buildings/textures/TT_RTS_Buildings_blueB.tga
  artifactKey: Guid(1e17ceb821b23374b8682a9d8c9aca4f) Importer(815301076,1909f56bfc062723c751e8b465ee728b)
Start importing Assets/RTS Asset/TT_RTS/TT_RTS_Standard/models/materials/color/Buildings/textures/TT_RTS_Buildings_blueB.tga using Guid(1e17ceb821b23374b8682a9d8c9aca4f) Importer(815301076,1909f56bfc062723c751e8b465ee728b)  -> (artifact id: '20fc21984214e59e5488811ad48d08a1') in 0.019920 seconds
Number of updated asset objects reloaded before import = 0
Number of asset objects unloaded after import = 2
========================================================================
Received Import Request.
  Time since last request: 0.000041 seconds.
  path: Assets/RTS Asset/TT_RTS/TT_RTS_Standard/models/extras/banners/materials/colors/TT_RTS_Banner_Brown.tga
  artifactKey: Guid(e84053623b7ef2940ae8ee9a77d613e3) Importer(815301076,1909f56bfc062723c751e8b465ee728b)
Start importing Assets/RTS Asset/TT_RTS/TT_RTS_Standard/models/extras/banners/materials/colors/TT_RTS_Banner_Brown.tga using Guid(e84053623b7ef2940ae8ee9a77d613e3) Importer(815301076,1909f56bfc062723c751e8b465ee728b)  -> (artifact id: 'bcb5d83959739aeb581d4f391bf73782') in 0.019489 seconds
Number of updated asset objects reloaded before import = 0
Number of asset objects unloaded after import = 2
========================================================================
Received Import Request.
  Time since last request: 0.000017 seconds.
  path: Assets/RTS Asset/TT_RTS/TT_RTS_Standard/models/materials/color/Units/Textures/TT_RTS_Units_greenB.tga
  artifactKey: Guid(c9ad039d6bd8e634c9b0cbac36b941fc) Importer(815301076,1909f56bfc062723c751e8b465ee728b)
Start importing Assets/RTS Asset/TT_RTS/TT_RTS_Standard/models/materials/color/Units/Textures/TT_RTS_Units_greenB.tga using Guid(c9ad039d6bd8e634c9b0cbac36b941fc) Importer(815301076,1909f56bfc062723c751e8b465ee728b)  -> (artifact id: '3e2f0a252fa7ba5ea69cea77d1cf3d51') in 0.017864 seconds
Number of updated asset objects reloaded before import = 0
Number of asset objects unloaded after import = 2
========================================================================
Received Import Request.
  Time since last request: 0.000028 seconds.
  path: Assets/RTS Asset/TT_RTS/TT_RTS_Standard/models/materials/color/Units/Textures/TT_RTS_Units_purple.tga
  artifactKey: Guid(22d77b1eda346b9439d2243a783ecc46) Importer(815301076,1909f56bfc062723c751e8b465ee728b)
Start importing Assets/RTS Asset/TT_RTS/TT_RTS_Standard/models/materials/color/Units/Textures/TT_RTS_Units_purple.tga using Guid(22d77b1eda346b9439d2243a783ecc46) Importer(815301076,1909f56bfc062723c751e8b465ee728b)  -> (artifact id: '0a8f4d2caaf067d8e04120e2f28a73a2') in 0.019275 seconds
Number of updated asset objects reloaded before import = 0
Number of asset objects unloaded after import = 2
========================================================================
Received Import Request.
  Time since last request: 0.000024 seconds.
  path: Assets/Terrain/Textures/grass_biome2_b.png
  artifactKey: Guid(6cbf8ed1730dd634495ac4a26207c5af) Importer(815301076,1909f56bfc062723c751e8b465ee728b)
Start importing Assets/Terrain/Textures/grass_biome2_b.png using Guid(6cbf8ed1730dd634495ac4a26207c5af) Importer(815301076,1909f56bfc062723c751e8b465ee728b)  -> (artifact id: '20b9db3f03920022e7f0f3c7c4173427') in 0.017528 seconds
Number of updated asset objects reloaded before import = 0
Number of asset objects unloaded after import = 2
========================================================================
Received Import Request.
  Time since last request: 0.000041 seconds.
  path: Assets/RTS Asset/TT_RTS/TT_RTS_Standard/FX/materials/textures/Glow_A.psd
  artifactKey: Guid(7afb3f6bf6b22094aa1b72bfad4eae35) Importer(815301076,1909f56bfc062723c751e8b465ee728b)
Start importing Assets/RTS Asset/TT_RTS/TT_RTS_Standard/FX/materials/textures/Glow_A.psd using Guid(7afb3f6bf6b22094aa1b72bfad4eae35) Importer(815301076,1909f56bfc062723c751e8b465ee728b)  -> (artifact id: '4823d80027e640bb8d0df3bce3795103') in 0.018924 seconds
Number of updated asset objects reloaded before import = 0
Number of asset objects unloaded after import = 2
========================================================================
Received Import Request.
  Time since last request: 0.000017 seconds.
  path: Assets/RTS Asset/TT_RTS/TT_RTS_Standard/models/materials/color/Buildings/textures/TT_RTS_Buildings_pink.tga
  artifactKey: Guid(08cfa04c5337123449348f694c32ef4d) Importer(815301076,1909f56bfc062723c751e8b465ee728b)
Start importing Assets/RTS Asset/TT_RTS/TT_RTS_Standard/models/materials/color/Buildings/textures/TT_RTS_Buildings_pink.tga using Guid(08cfa04c5337123449348f694c32ef4d) Importer(815301076,1909f56bfc062723c751e8b465ee728b)  -> (artifact id: '06eaa67cbfe7a90b4cc5b9c311348cdd') in 0.018486 seconds
Number of updated asset objects reloaded before import = 0
Number of asset objects unloaded after import = 2
========================================================================
Received Import Request.
  Time since last request: 0.000026 seconds.
  path: Assets/RTS Asset/TT_RTS/TT_RTS_Standard/models/materials/color/Units/Textures/TT_RTS_Units_blueB.tga
  artifactKey: Guid(3a432779521c47747833061a8855f190) Importer(815301076,1909f56bfc062723c751e8b465ee728b)
Start importing Assets/RTS Asset/TT_RTS/TT_RTS_Standard/models/materials/color/Units/Textures/TT_RTS_Units_blueB.tga using Guid(3a432779521c47747833061a8855f190) Importer(815301076,1909f56bfc062723c751e8b465ee728b)  -> (artifact id: '4cd91df8dead9ac365184be638866879') in 0.019011 seconds
Number of updated asset objects reloaded before import = 0
Number of asset objects unloaded after import = 2
========================================================================
Received Import Request.
  Time since last request: 0.000055 seconds.
  path: Assets/RTS Asset/TT_RTS/TT_RTS_Standard/models/materials/color/Units/Textures/TT_RTS_Units_yellow.tga
  artifactKey: Guid(298a25a451b74f64992ed5fc4293acb6) Importer(815301076,1909f56bfc062723c751e8b465ee728b)
Start importing Assets/RTS Asset/TT_RTS/TT_RTS_Standard/models/materials/color/Units/Textures/TT_RTS_Units_yellow.tga using Guid(298a25a451b74f64992ed5fc4293acb6) Importer(815301076,1909f56bfc062723c751e8b465ee728b)  -> (artifact id: '26ffb23baa33e706fa53a9ed08f0b798') in 0.020423 seconds
Number of updated asset objects reloaded before import = 0
Number of asset objects unloaded after import = 2
========================================================================
Received Import Request.
  Time since last request: 0.000020 seconds.
  path: Assets/Terrain/Textures/Ground_first.png
  artifactKey: Guid(6fca547eb72d01e4bafa0cbfe2ef118c) Importer(815301076,1909f56bfc062723c751e8b465ee728b)
Start importing Assets/Terrain/Textures/Ground_first.png using Guid(6fca547eb72d01e4bafa0cbfe2ef118c) Importer(815301076,1909f56bfc062723c751e8b465ee728b)  -> (artifact id: '950ec2226e1bfbc11adaea32711fe559') in 0.015997 seconds
Number of updated asset objects reloaded before import = 0
Number of asset objects unloaded after import = 2
========================================================================
Received Import Request.
  Time since last request: 0.000017 seconds.
  path: Assets/RTS Asset/TT_RTS/TT_RTS_Standard/models/materials/color/TT_RTS_Buildings_ColorGenerator.psd
  artifactKey: Guid(32e4d26a87db84f4b9cc4902d9bf896d) Importer(815301076,1909f56bfc062723c751e8b465ee728b)
Start importing Assets/RTS Asset/TT_RTS/TT_RTS_Standard/models/materials/color/TT_RTS_Buildings_ColorGenerator.psd using Guid(32e4d26a87db84f4b9cc4902d9bf896d) Importer(815301076,1909f56bfc062723c751e8b465ee728b)  -> (artifact id: '992d33ada4b48bc97c8f28c9f40c2b05') in 0.019459 seconds
Number of updated asset objects reloaded before import = 0
Number of asset objects unloaded after import = 2
========================================================================
Received Import Request.
  Time since last request: 0.000019 seconds.
  path: Assets/RTS Asset/TT_RTS/TT_RTS_Standard/models/extras/banners/materials/colors/TT_RTS_Banner_Black.tga
  artifactKey: Guid(a666c581cfaae2747a540452d3f42fb3) Importer(815301076,1909f56bfc062723c751e8b465ee728b)
Start importing Assets/RTS Asset/TT_RTS/TT_RTS_Standard/models/extras/banners/materials/colors/TT_RTS_Banner_Black.tga using Guid(a666c581cfaae2747a540452d3f42fb3) Importer(815301076,1909f56bfc062723c751e8b465ee728b)  -> (artifact id: '37cf8b7691c572aec74db7375ce6f8da') in 0.019187 seconds
Number of updated asset objects reloaded before import = 0
Number of asset objects unloaded after import = 2
========================================================================
Received Import Request.
  Time since last request: 0.000017 seconds.
  path: Assets/RTS Asset/TT_RTS/TT_RTS_Standard/models/materials/color/Units/Textures/TT_RTS_Units_tan.tga
  artifactKey: Guid(568b7c2a9f6f2c746b39e0c5001e0656) Importer(815301076,1909f56bfc062723c751e8b465ee728b)
Start importing Assets/RTS Asset/TT_RTS/TT_RTS_Standard/models/materials/color/Units/Textures/TT_RTS_Units_tan.tga using Guid(568b7c2a9f6f2c746b39e0c5001e0656) Importer(815301076,1909f56bfc062723c751e8b465ee728b)  -> (artifact id: 'bb28b3f3a987755c47a940d02ec6c7f2') in 0.018075 seconds
Number of updated asset objects reloaded before import = 0
Number of asset objects unloaded after import = 2
========================================================================
Received Import Request.
  Time since last request: 0.000018 seconds.
  path: Assets/RTS Asset/TT_RTS/TT_RTS_Standard/models/extras/banners/materials/colors/TT_RTS_Banner_Blue_A.tga
  artifactKey: Guid(eea5a60518dfd8843ba261c1e9786f16) Importer(815301076,1909f56bfc062723c751e8b465ee728b)
Start importing Assets/RTS Asset/TT_RTS/TT_RTS_Standard/models/extras/banners/materials/colors/TT_RTS_Banner_Blue_A.tga using Guid(eea5a60518dfd8843ba261c1e9786f16) Importer(815301076,1909f56bfc062723c751e8b465ee728b)  -> (artifact id: 'de9add7a3e4f1605905f1d13bb5535cb') in 0.018811 seconds
Number of updated asset objects reloaded before import = 0
Number of asset objects unloaded after import = 2
========================================================================
Received Import Request.
  Time since last request: 0.000020 seconds.
  path: Assets/Terrain/Textures/Ground_second.png
  artifactKey: Guid(8962fa8fd1ec31f48bd56705ec84b80a) Importer(815301076,1909f56bfc062723c751e8b465ee728b)
Start importing Assets/Terrain/Textures/Ground_second.png using Guid(8962fa8fd1ec31f48bd56705ec84b80a) Importer(815301076,1909f56bfc062723c751e8b465ee728b)  -> (artifact id: '0c479dc77874db4cd286c6cb8a6bc8b6') in 0.017090 seconds
Number of updated asset objects reloaded before import = 0
Number of asset objects unloaded after import = 2
========================================================================
Received Import Request.
  Time since last request: 0.000018 seconds.
  path: Assets/RTS Asset/TT_RTS/TT_RTS_Standard/models/materials/color/Buildings/textures/TT_RTS_Buildings_purple.tga
  artifactKey: Guid(563b0314010ac244e9be62efbbfc5325) Importer(815301076,1909f56bfc062723c751e8b465ee728b)
Start importing Assets/RTS Asset/TT_RTS/TT_RTS_Standard/models/materials/color/Buildings/textures/TT_RTS_Buildings_purple.tga using Guid(563b0314010ac244e9be62efbbfc5325) Importer(815301076,1909f56bfc062723c751e8b465ee728b)  -> (artifact id: '041a322f33463c479697a3f5e1668694') in 0.020397 seconds
Number of updated asset objects reloaded before import = 0
Number of asset objects unloaded after import = 2
========================================================================
Received Import Request.
  Time since last request: 0.000021 seconds.
  path: Assets/RTS Asset/TT_RTS/TT_RTS_Standard/models/extras/banners/materials/colors/TT_RTS_Banner_Green_A.tga
  artifactKey: Guid(8f4316b3f24d93a4c9b7ee64a63c725e) Importer(815301076,1909f56bfc062723c751e8b465ee728b)
Start importing Assets/RTS Asset/TT_RTS/TT_RTS_Standard/models/extras/banners/materials/colors/TT_RTS_Banner_Green_A.tga using Guid(8f4316b3f24d93a4c9b7ee64a63c725e) Importer(815301076,1909f56bfc062723c751e8b465ee728b)  -> (artifact id: '630b32c35a779fd6b887dd0df804d0da') in 0.016205 seconds
Number of updated asset objects reloaded before import = 0
Number of asset objects unloaded after import = 2
========================================================================
Received Import Request.
  Time since last request: 0.000027 seconds.
  path: Assets/RTS Asset/TT_RTS/TT_RTS_Standard/models/extras/banners/materials/colors/TT_RTS_Banner_Orange.tga
  artifactKey: Guid(5e1e86a76fc230d4c9a3e062f6917973) Importer(815301076,1909f56bfc062723c751e8b465ee728b)
Start importing Assets/RTS Asset/TT_RTS/TT_RTS_Standard/models/extras/banners/materials/colors/TT_RTS_Banner_Orange.tga using Guid(5e1e86a76fc230d4c9a3e062f6917973) Importer(815301076,1909f56bfc062723c751e8b465ee728b)  -> (artifact id: 'a2f027fd7bbf196b3dcf0d4d9badcedb') in 0.020193 seconds
Number of updated asset objects reloaded before import = 0
Number of asset objects unloaded after import = 2
========================================================================
Received Import Request.
  Time since last request: 0.000018 seconds.
  path: Assets/RTS Asset/TT_RTS/TT_RTS_Standard/models/materials/color/Buildings/textures/TT_RTS_Buildings_black.tga
  artifactKey: Guid(5a355437fd3d06740b4f65c6f5ea1091) Importer(815301076,1909f56bfc062723c751e8b465ee728b)
Start importing Assets/RTS Asset/TT_RTS/TT_RTS_Standard/models/materials/color/Buildings/textures/TT_RTS_Buildings_black.tga using Guid(5a355437fd3d06740b4f65c6f5ea1091) Importer(815301076,1909f56bfc062723c751e8b465ee728b)  -> (artifact id: 'c67ecfdd59b2da5284d08ed6d1dbc6b9') in 0.016607 seconds
Number of updated asset objects reloaded before import = 0
Number of asset objects unloaded after import = 2
========================================================================
Received Import Request.
  Time since last request: 0.000017 seconds.
  path: Assets/RTS Asset/TT_RTS/TT_RTS_Standard/models/materials/color/Units/Textures/TT_RTS_Units_green.tga
  artifactKey: Guid(f078597f9474185438764cc8036a2769) Importer(815301076,1909f56bfc062723c751e8b465ee728b)
Start importing Assets/RTS Asset/TT_RTS/TT_RTS_Standard/models/materials/color/Units/Textures/TT_RTS_Units_green.tga using Guid(f078597f9474185438764cc8036a2769) Importer(815301076,1909f56bfc062723c751e8b465ee728b)  -> (artifact id: '50dc62a3afa024c18e77d864c3b039bd') in 0.020549 seconds
Number of updated asset objects reloaded before import = 0
Number of asset objects unloaded after import = 2
========================================================================
Received Import Request.
  Time since last request: 0.000018 seconds.
  path: Assets/RTS Asset/TT_RTS/TT_RTS_Standard/FX/materials/textures/Smoke_A.psd
  artifactKey: Guid(00ef5cb1ee96315459a478b746dc3ad1) Importer(815301076,1909f56bfc062723c751e8b465ee728b)
Start importing Assets/RTS Asset/TT_RTS/TT_RTS_Standard/FX/materials/textures/Smoke_A.psd using Guid(00ef5cb1ee96315459a478b746dc3ad1) Importer(815301076,1909f56bfc062723c751e8b465ee728b)  -> (artifact id: '0ef9688a0c6ee2f074c8a84931cf1a30') in 0.016538 seconds
Number of updated asset objects reloaded before import = 0
Number of asset objects unloaded after import = 2
========================================================================
Received Import Request.
  Time since last request: 0.000038 seconds.
  path: Assets/RTS Asset/TT_RTS/TT_RTS_Standard/models/materials/color/Units/Textures/TT_RTS_Units_red.tga
  artifactKey: Guid(f404751c35aed644a81f56cf0406073a) Importer(815301076,1909f56bfc062723c751e8b465ee728b)
Start importing Assets/RTS Asset/TT_RTS/TT_RTS_Standard/models/materials/color/Units/Textures/TT_RTS_Units_red.tga using Guid(f404751c35aed644a81f56cf0406073a) Importer(815301076,1909f56bfc062723c751e8b465ee728b)  -> (artifact id: 'e2f1760f36ac361092c81385ef944cfc') in 0.019092 seconds
Number of updated asset objects reloaded before import = 0
Number of asset objects unloaded after import = 2
========================================================================
Received Import Request.
  Time since last request: 0.000019 seconds.
  path: Assets/RTS Asset/TT_RTS/TT_RTS_Standard/models/materials/color/Units/Textures/TT_RTS_Units_brown.tga
  artifactKey: Guid(83d34ce4a060b114aa5b8703cde1556f) Importer(815301076,1909f56bfc062723c751e8b465ee728b)
Start importing Assets/RTS Asset/TT_RTS/TT_RTS_Standard/models/materials/color/Units/Textures/TT_RTS_Units_brown.tga using Guid(83d34ce4a060b114aa5b8703cde1556f) Importer(815301076,1909f56bfc062723c751e8b465ee728b)  -> (artifact id: '35496601da69be8b258e750e43187639') in 0.020527 seconds
Number of updated asset objects reloaded before import = 0
Number of asset objects unloaded after import = 2
========================================================================
Received Import Request.
  Time since last request: 0.000089 seconds.
  path: Assets/RTS Asset/TT_RTS/TT_RTS_Standard/FX/materials/textures/FX_MeshParts.tga
  artifactKey: Guid(3f44a077bc0c68a438432f3c5a78aefd) Importer(815301076,1909f56bfc062723c751e8b465ee728b)
Start importing Assets/RTS Asset/TT_RTS/TT_RTS_Standard/FX/materials/textures/FX_MeshParts.tga using Guid(3f44a077bc0c68a438432f3c5a78aefd) Importer(815301076,1909f56bfc062723c751e8b465ee728b)  -> (artifact id: 'a111a1c7bda42d9f9b4b9f13810d4b0e') in 0.017970 seconds
Number of updated asset objects reloaded before import = 0
Number of asset objects unloaded after import = 2
========================================================================
Received Import Request.
  Time since last request: 0.000020 seconds.
  path: Assets/RTS Asset/TT_RTS/TT_RTS_Standard/FX/materials/textures/Flames_A.psd
  artifactKey: Guid(30dc374ffbe937e42b417eaafa293738) Importer(815301076,1909f56bfc062723c751e8b465ee728b)
Start importing Assets/RTS Asset/TT_RTS/TT_RTS_Standard/FX/materials/textures/Flames_A.psd using Guid(30dc374ffbe937e42b417eaafa293738) Importer(815301076,1909f56bfc062723c751e8b465ee728b)  -> (artifact id: '4d07ef30fc8cad3539322f9bbfa62d40') in 0.021954 seconds
Number of updated asset objects reloaded before import = 0
Number of asset objects unloaded after import = 2
========================================================================
Received Import Request.
  Time since last request: 0.000031 seconds.
  path: Assets/RTS Asset/TT_RTS/TT_RTS_Standard/models/materials/color/TT_RTS_Units_ColorGenerator.psd
  artifactKey: Guid(720f9a1c262e9fa4084e0592a8a93319) Importer(815301076,1909f56bfc062723c751e8b465ee728b)
Start importing Assets/RTS Asset/TT_RTS/TT_RTS_Standard/models/materials/color/TT_RTS_Units_ColorGenerator.psd using Guid(720f9a1c262e9fa4084e0592a8a93319) Importer(815301076,1909f56bfc062723c751e8b465ee728b)  -> (artifact id: '83ee8212340974feb4a1cef435154b72') in 0.016314 seconds
Number of updated asset objects reloaded before import = 0
Number of asset objects unloaded after import = 2
========================================================================
Received Import Request.
  Time since last request: 733.147954 seconds.
  path: Assets/Scripts
  artifactKey: Guid(11f7242f553f1cd4bb9eb1768ba3f737) Importer(815301076,1909f56bfc062723c751e8b465ee728b)
Start importing Assets/Scripts using Guid(11f7242f553f1cd4bb9eb1768ba3f737) Importer(815301076,1909f56bfc062723c751e8b465ee728b)  -> (artifact id: 'e06fb931161d6159ed358ce8f6e6b308') in 0.001632 seconds
Number of updated asset objects reloaded before import = 0
Number of asset objects unloaded after import = 0
========================================================================
Received Import Request.
  Time since last request: 1280.313749 seconds.
  path: ProjectSettings/TagManager.asset
  artifactKey: Guid(00000000000000003000000000000000) Importer(815301076,1909f56bfc062723c751e8b465ee728b)
Start importing ProjectSettings/TagManager.asset using Guid(00000000000000003000000000000000) Importer(815301076,1909f56bfc062723c751e8b465ee728b)  -> (artifact id: 'be4eb5195e547959597ad56dfd7ff15f') in 0.001098 seconds
Number of updated asset objects reloaded before import = 0
Number of asset objects unloaded after import = 0
========================================================================
Received Prepare
Begin MonoManager ReloadAssembly
Symbol file LoadedFromMemory doesn't match image D:\Hyunjun Github\RTS-Portfolio\RTS Portfolio\Library\PackageCache\com.unity.visualscripting@1.8.0\Editor\VisualScripting.Core\Dependencies\YamlDotNet\Unity.VisualScripting.YamlDotNet.dll
Symbol file LoadedFromMemory doesn't match image D:\Hyunjun Github\RTS-Portfolio\RTS Portfolio\Library\PackageCache\com.unity.visualscripting@1.8.0\Editor\VisualScripting.Core\Dependencies\DotNetZip\Unity.VisualScripting.IonicZip.dll
- Loaded All Assemblies, in  0.548 seconds
Refreshing native plugins compatible for Editor in 4.32 ms, found 3 plugins.
Native extension for WindowsStandalone target not found
[Package Manager] Server::EnsureServerProcessIsRunning -- launch failed, reason: Unity was launched with the -noUpm command-line argument
[Package Manager] UpmClient::Send -- Unable to send message (not connected to UPM process).
[Package Manager] Cannot connect to Unity Package Manager local server
Mono: successfully reloaded assembly
- Finished resetting the current domain, in  1.978 seconds
Domain Reload Profiling: 2525ms
	BeginReloadAssembly (199ms)
		ExecutionOrderSort (0ms)
		DisableScriptedObjects (6ms)
		BackupInstance (0ms)
		ReleaseScriptingObjects (0ms)
		CreateAndSetChildDomain (39ms)
	RebuildCommonClasses (43ms)
	RebuildNativeTypeToScriptingClass (16ms)
	initialDomainReloadingComplete (31ms)
	LoadAllAssembliesAndSetupDomain (257ms)
		LoadAssemblies (361ms)
		RebuildTransferFunctionScriptingTraits (0ms)
		AnalyzeDomain (13ms)
			TypeCache.Refresh (6ms)
				TypeCache.ScanAssembly (0ms)
			ScanForSourceGeneratedMonoScriptInfo (0ms)
			ResolveRequiredComponents (6ms)
	FinalizeReload (1979ms)
		ReleaseScriptCaches (0ms)
		RebuildScriptCaches (0ms)
		SetupLoadedEditorAssemblies (1000ms)
			LogAssemblyErrors (0ms)
			InitializePlatformSupportModulesInManaged (15ms)
			SetLoadedEditorAssemblies (7ms)
			RefreshPlugins (0ms)
			BeforeProcessingInitializeOnLoad (144ms)
			ProcessInitializeOnLoadAttributes (769ms)
			ProcessInitializeOnLoadMethodAttributes (53ms)
			AfterProcessingInitializeOnLoad (11ms)
			EditorAssembliesLoaded (0ms)
		ExecutionOrderSort2 (0ms)
		AwakeInstancesAfterBackupRestoration (24ms)
Refreshing native plugins compatible for Editor in 10.52 ms, found 3 plugins.
Preloading 0 native plugins for Editor in 0.00 ms.
Unloading 3113 Unused Serialized files (Serialized files now loaded: 0)
Unloading 22 unused Assets / (30.5 KB). Loaded Objects now: 3619.
Memory consumption went from 128.1 MB to 128.1 MB.
Total: 5.874000 ms (FindLiveObjects: 0.679500 ms CreateObjectMapping: 0.400100 ms MarkObjects: 4.709100 ms  DeleteObjects: 0.080300 ms)

Prepare: number of updated asset objects reloaded= 0
AssetImportParameters requested are different than current active one (requested -> active):
  custom:container-demuxer-ogg: 62fdf1f143b41e24485cea50d1cbac27 -> 
  custom:video-decoder-ogg-theora: a1e56fd34408186e4bbccfd4996cb3dc -> 
  custom:framework-win-MediaFoundation: 216162199b28c13a410421893ffa2e32 -> 
  custom:CustomObjectIndexerAttribute: 756ad292c208cfabdd7b50bc23989ffe -> 
  custom:container-demuxer-webm: 4f35f7cbe854078d1ac9338744f61a02 -> 
  custom:container-muxer-webm: aa71ff27fc2769a1b78a27578f13a17b -> 
  custom:video-decoder-webm-vp8: 9c59270c3fd7afecdb556c50c9e8de78 -> 
  custom:SearchIndexIgnoredProperties: e643bd26f0fe6173181afceb89e7c659 -> 
  custom:AudioImporter_EditorPlatform: d09bf68614088b80899f8185d706f6e7 -> 
  custom:video-encoder-webm-vp8: eb34c28f22e8b96e1ab97ce403110664 -> 
  custom:audio-decoder-ogg-vorbis: bf7c407c2cedff20999df2af8eb42d56 -> 
  custom:audio-encoder-webm-vorbis: bf7c407c2cedff20999df2af8eb42d56 -> 
========================================================================
Received Prepare
Begin MonoManager ReloadAssembly
Symbol file LoadedFromMemory doesn't match image D:\Hyunjun Github\RTS-Portfolio\RTS Portfolio\Library\PackageCache\com.unity.visualscripting@1.8.0\Editor\VisualScripting.Core\Dependencies\YamlDotNet\Unity.VisualScripting.YamlDotNet.dll
Symbol file LoadedFromMemory doesn't match image D:\Hyunjun Github\RTS-Portfolio\RTS Portfolio\Library\PackageCache\com.unity.visualscripting@1.8.0\Editor\VisualScripting.Core\Dependencies\DotNetZip\Unity.VisualScripting.IonicZip.dll
- Loaded All Assemblies, in  0.538 seconds
Refreshing native plugins compatible for Editor in 3.63 ms, found 3 plugins.
Native extension for WindowsStandalone target not found
[Package Manager] Server::EnsureServerProcessIsRunning -- launch failed, reason: Unity was launched with the -noUpm command-line argument
[Package Manager] UpmClient::Send -- Unable to send message (not connected to UPM process).
[Package Manager] Cannot connect to Unity Package Manager local server
Mono: successfully reloaded assembly
- Finished resetting the current domain, in  1.958 seconds
Domain Reload Profiling: 2494ms
	BeginReloadAssembly (192ms)
		ExecutionOrderSort (0ms)
		DisableScriptedObjects (7ms)
		BackupInstance (0ms)
		ReleaseScriptingObjects (0ms)
		CreateAndSetChildDomain (36ms)
	RebuildCommonClasses (45ms)
	RebuildNativeTypeToScriptingClass (14ms)
	initialDomainReloadingComplete (31ms)
	LoadAllAssembliesAndSetupDomain (254ms)
		LoadAssemblies (354ms)
		RebuildTransferFunctionScriptingTraits (0ms)
		AnalyzeDomain (14ms)
			TypeCache.Refresh (6ms)
				TypeCache.ScanAssembly (0ms)
			ScanForSourceGeneratedMonoScriptInfo (0ms)
			ResolveRequiredComponents (6ms)
	FinalizeReload (1959ms)
		ReleaseScriptCaches (0ms)
		RebuildScriptCaches (0ms)
		SetupLoadedEditorAssemblies (1055ms)
			LogAssemblyErrors (0ms)
			InitializePlatformSupportModulesInManaged (16ms)
			SetLoadedEditorAssemblies (8ms)
			RefreshPlugins (0ms)
			BeforeProcessingInitializeOnLoad (141ms)
			ProcessInitializeOnLoadAttributes (822ms)
			ProcessInitializeOnLoadMethodAttributes (57ms)
			AfterProcessingInitializeOnLoad (11ms)
			EditorAssembliesLoaded (0ms)
		ExecutionOrderSort2 (0ms)
		AwakeInstancesAfterBackupRestoration (25ms)
Refreshing native plugins compatible for Editor in 11.34 ms, found 3 plugins.
Preloading 0 native plugins for Editor in 0.00 ms.
Unloading 3114 Unused Serialized files (Serialized files now loaded: 0)
Unloading 22 unused Assets / (30.6 KB). Loaded Objects now: 3622.
Memory consumption went from 128.4 MB to 128.4 MB.
Total: 5.978400 ms (FindLiveObjects: 0.441300 ms CreateObjectMapping: 0.391700 ms MarkObjects: 4.989000 ms  DeleteObjects: 0.155000 ms)

Prepare: number of updated asset objects reloaded= 0
AssetImportParameters requested are different than current active one (requested -> active):
  custom:container-demuxer-ogg: 62fdf1f143b41e24485cea50d1cbac27 -> 
  custom:video-decoder-ogg-theora: a1e56fd34408186e4bbccfd4996cb3dc -> 
  custom:framework-win-MediaFoundation: 216162199b28c13a410421893ffa2e32 -> 
  custom:CustomObjectIndexerAttribute: 756ad292c208cfabdd7b50bc23989ffe -> 
  custom:container-demuxer-webm: 4f35f7cbe854078d1ac9338744f61a02 -> 
  custom:container-muxer-webm: aa71ff27fc2769a1b78a27578f13a17b -> 
  custom:video-decoder-webm-vp8: 9c59270c3fd7afecdb556c50c9e8de78 -> 
  custom:SearchIndexIgnoredProperties: e643bd26f0fe6173181afceb89e7c659 -> 
  custom:AudioImporter_EditorPlatform: d09bf68614088b80899f8185d706f6e7 -> 
  custom:video-encoder-webm-vp8: eb34c28f22e8b96e1ab97ce403110664 -> 
  custom:audio-decoder-ogg-vorbis: bf7c407c2cedff20999df2af8eb42d56 -> 
  custom:audio-encoder-webm-vorbis: bf7c407c2cedff20999df2af8eb42d56 -> 
========================================================================
Received Prepare
Begin MonoManager ReloadAssembly
Symbol file LoadedFromMemory doesn't match image D:\Hyunjun Github\RTS-Portfolio\RTS Portfolio\Library\PackageCache\com.unity.visualscripting@1.8.0\Editor\VisualScripting.Core\Dependencies\YamlDotNet\Unity.VisualScripting.YamlDotNet.dll
Symbol file LoadedFromMemory doesn't match image D:\Hyunjun Github\RTS-Portfolio\RTS Portfolio\Library\PackageCache\com.unity.visualscripting@1.8.0\Editor\VisualScripting.Core\Dependencies\DotNetZip\Unity.VisualScripting.IonicZip.dll
- Loaded All Assemblies, in  0.526 seconds
Refreshing native plugins compatible for Editor in 4.43 ms, found 3 plugins.
Native extension for WindowsStandalone target not found
[Package Manager] Server::EnsureServerProcessIsRunning -- launch failed, reason: Unity was launched with the -noUpm command-line argument
[Package Manager] UpmClient::Send -- Unable to send message (not connected to UPM process).
[Package Manager] Cannot connect to Unity Package Manager local server
Mono: successfully reloaded assembly
- Finished resetting the current domain, in  2.047 seconds
Domain Reload Profiling: 2572ms
	BeginReloadAssembly (192ms)
		ExecutionOrderSort (0ms)
		DisableScriptedObjects (9ms)
		BackupInstance (0ms)
		ReleaseScriptingObjects (0ms)
		CreateAndSetChildDomain (36ms)
	RebuildCommonClasses (40ms)
	RebuildNativeTypeToScriptingClass (14ms)
	initialDomainReloadingComplete (30ms)
	LoadAllAssembliesAndSetupDomain (249ms)
		LoadAssemblies (347ms)
		RebuildTransferFunctionScriptingTraits (0ms)
		AnalyzeDomain (15ms)
			TypeCache.Refresh (6ms)
				TypeCache.ScanAssembly (0ms)
			ScanForSourceGeneratedMonoScriptInfo (0ms)
			ResolveRequiredComponents (7ms)
	FinalizeReload (2047ms)
		ReleaseScriptCaches (0ms)
		RebuildScriptCaches (0ms)
		SetupLoadedEditorAssemblies (1192ms)
			LogAssemblyErrors (0ms)
			InitializePlatformSupportModulesInManaged (12ms)
			SetLoadedEditorAssemblies (13ms)
			RefreshPlugins (0ms)
			BeforeProcessingInitializeOnLoad (149ms)
			ProcessInitializeOnLoadAttributes (949ms)
			ProcessInitializeOnLoadMethodAttributes (59ms)
			AfterProcessingInitializeOnLoad (10ms)
			EditorAssembliesLoaded (1ms)
		ExecutionOrderSort2 (0ms)
		AwakeInstancesAfterBackupRestoration (27ms)
Refreshing native plugins compatible for Editor in 10.02 ms, found 3 plugins.
Preloading 0 native plugins for Editor in 0.00 ms.
Unloading 3114 Unused Serialized files (Serialized files now loaded: 0)
Unloading 22 unused Assets / (30.5 KB). Loaded Objects now: 3625.
Memory consumption went from 128.4 MB to 128.4 MB.
Total: 12.686600 ms (FindLiveObjects: 0.605900 ms CreateObjectMapping: 0.564300 ms MarkObjects: 11.350200 ms  DeleteObjects: 0.164000 ms)

Prepare: number of updated asset objects reloaded= 0
AssetImportParameters requested are different than current active one (requested -> active):
  custom:container-demuxer-ogg: 62fdf1f143b41e24485cea50d1cbac27 -> 
  custom:video-decoder-ogg-theora: a1e56fd34408186e4bbccfd4996cb3dc -> 
  custom:framework-win-MediaFoundation: 216162199b28c13a410421893ffa2e32 -> 
  custom:CustomObjectIndexerAttribute: 756ad292c208cfabdd7b50bc23989ffe -> 
  custom:container-demuxer-webm: 4f35f7cbe854078d1ac9338744f61a02 -> 
  custom:container-muxer-webm: aa71ff27fc2769a1b78a27578f13a17b -> 
  custom:video-decoder-webm-vp8: 9c59270c3fd7afecdb556c50c9e8de78 -> 
  custom:SearchIndexIgnoredProperties: e643bd26f0fe6173181afceb89e7c659 -> 
  custom:AudioImporter_EditorPlatform: d09bf68614088b80899f8185d706f6e7 -> 
  custom:video-encoder-webm-vp8: eb34c28f22e8b96e1ab97ce403110664 -> 
  custom:audio-decoder-ogg-vorbis: bf7c407c2cedff20999df2af8eb42d56 -> 
  custom:audio-encoder-webm-vorbis: bf7c407c2cedff20999df2af8eb42d56 -> 
========================================================================
Received Prepare
Begin MonoManager ReloadAssembly
Symbol file LoadedFromMemory doesn't match image D:\Hyunjun Github\RTS-Portfolio\RTS Portfolio\Library\PackageCache\com.unity.visualscripting@1.8.0\Editor\VisualScripting.Core\Dependencies\YamlDotNet\Unity.VisualScripting.YamlDotNet.dll
Symbol file LoadedFromMemory doesn't match image D:\Hyunjun Github\RTS-Portfolio\RTS Portfolio\Library\PackageCache\com.unity.visualscripting@1.8.0\Editor\VisualScripting.Core\Dependencies\DotNetZip\Unity.VisualScripting.IonicZip.dll
- Loaded All Assemblies, in  0.559 seconds
Refreshing native plugins compatible for Editor in 4.43 ms, found 3 plugins.
Native extension for WindowsStandalone target not found
[Package Manager] Server::EnsureServerProcessIsRunning -- launch failed, reason: Unity was launched with the -noUpm command-line argument
[Package Manager] UpmClient::Send -- Unable to send message (not connected to UPM process).
[Package Manager] Cannot connect to Unity Package Manager local server
Mono: successfully reloaded assembly
- Finished resetting the current domain, in  1.840 seconds
Domain Reload Profiling: 2400ms
	BeginReloadAssembly (202ms)
		ExecutionOrderSort (0ms)
		DisableScriptedObjects (8ms)
		BackupInstance (0ms)
		ReleaseScriptingObjects (0ms)
		CreateAndSetChildDomain (40ms)
	RebuildCommonClasses (42ms)
	RebuildNativeTypeToScriptingClass (16ms)
	initialDomainReloadingComplete (32ms)
	LoadAllAssembliesAndSetupDomain (266ms)
		LoadAssemblies (371ms)
		RebuildTransferFunctionScriptingTraits (0ms)
		AnalyzeDomain (15ms)
			TypeCache.Refresh (6ms)
				TypeCache.ScanAssembly (0ms)
			ScanForSourceGeneratedMonoScriptInfo (0ms)
			ResolveRequiredComponents (7ms)
	FinalizeReload (1843ms)
		ReleaseScriptCaches (0ms)
		RebuildScriptCaches (0ms)
		SetupLoadedEditorAssemblies (1004ms)
			LogAssemblyErrors (0ms)
			InitializePlatformSupportModulesInManaged (13ms)
			SetLoadedEditorAssemblies (7ms)
			RefreshPlugins (0ms)
			BeforeProcessingInitializeOnLoad (145ms)
			ProcessInitializeOnLoadAttributes (767ms)
			ProcessInitializeOnLoadMethodAttributes (60ms)
			AfterProcessingInitializeOnLoad (11ms)
			EditorAssembliesLoaded (0ms)
		ExecutionOrderSort2 (0ms)
		AwakeInstancesAfterBackupRestoration (26ms)
Refreshing native plugins compatible for Editor in 10.95 ms, found 3 plugins.
Preloading 0 native plugins for Editor in 0.00 ms.
Unloading 3114 Unused Serialized files (Serialized files now loaded: 0)
Unloading 22 unused Assets / (30.6 KB). Loaded Objects now: 3628.
Memory consumption went from 128.4 MB to 128.4 MB.
Total: 6.523200 ms (FindLiveObjects: 0.515200 ms CreateObjectMapping: 0.529400 ms MarkObjects: 5.329600 ms  DeleteObjects: 0.145000 ms)

Prepare: number of updated asset objects reloaded= 0
AssetImportParameters requested are different than current active one (requested -> active):
  custom:container-demuxer-ogg: 62fdf1f143b41e24485cea50d1cbac27 -> 
  custom:video-decoder-ogg-theora: a1e56fd34408186e4bbccfd4996cb3dc -> 
  custom:framework-win-MediaFoundation: 216162199b28c13a410421893ffa2e32 -> 
  custom:CustomObjectIndexerAttribute: 756ad292c208cfabdd7b50bc23989ffe -> 
  custom:container-demuxer-webm: 4f35f7cbe854078d1ac9338744f61a02 -> 
  custom:container-muxer-webm: aa71ff27fc2769a1b78a27578f13a17b -> 
  custom:video-decoder-webm-vp8: 9c59270c3fd7afecdb556c50c9e8de78 -> 
  custom:SearchIndexIgnoredProperties: e643bd26f0fe6173181afceb89e7c659 -> 
  custom:AudioImporter_EditorPlatform: d09bf68614088b80899f8185d706f6e7 -> 
  custom:video-encoder-webm-vp8: eb34c28f22e8b96e1ab97ce403110664 -> 
  custom:audio-decoder-ogg-vorbis: bf7c407c2cedff20999df2af8eb42d56 -> 
  custom:audio-encoder-webm-vorbis: bf7c407c2cedff20999df2af8eb42d56 -> 
========================================================================
Received Prepare
Begin MonoManager ReloadAssembly
Symbol file LoadedFromMemory doesn't match image D:\Hyunjun Github\RTS-Portfolio\RTS Portfolio\Library\PackageCache\com.unity.visualscripting@1.8.0\Editor\VisualScripting.Core\Dependencies\YamlDotNet\Unity.VisualScripting.YamlDotNet.dll
Symbol file LoadedFromMemory doesn't match image D:\Hyunjun Github\RTS-Portfolio\RTS Portfolio\Library\PackageCache\com.unity.visualscripting@1.8.0\Editor\VisualScripting.Core\Dependencies\DotNetZip\Unity.VisualScripting.IonicZip.dll
- Loaded All Assemblies, in  0.530 seconds
Refreshing native plugins compatible for Editor in 3.93 ms, found 3 plugins.
Native extension for WindowsStandalone target not found
[Package Manager] Server::EnsureServerProcessIsRunning -- launch failed, reason: Unity was launched with the -noUpm command-line argument
[Package Manager] UpmClient::Send -- Unable to send message (not connected to UPM process).
[Package Manager] Cannot connect to Unity Package Manager local server
Mono: successfully reloaded assembly
- Finished resetting the current domain, in  1.788 seconds
Domain Reload Profiling: 2317ms
	BeginReloadAssembly (187ms)
		ExecutionOrderSort (0ms)
		DisableScriptedObjects (6ms)
		BackupInstance (0ms)
		ReleaseScriptingObjects (0ms)
		CreateAndSetChildDomain (36ms)
	RebuildCommonClasses (40ms)
	RebuildNativeTypeToScriptingClass (14ms)
	initialDomainReloadingComplete (32ms)
	LoadAllAssembliesAndSetupDomain (255ms)
		LoadAssemblies (352ms)
		RebuildTransferFunctionScriptingTraits (0ms)
		AnalyzeDomain (14ms)
			TypeCache.Refresh (6ms)
				TypeCache.ScanAssembly (0ms)
			ScanForSourceGeneratedMonoScriptInfo (0ms)
			ResolveRequiredComponents (6ms)
	FinalizeReload (1789ms)
		ReleaseScriptCaches (0ms)
		RebuildScriptCaches (0ms)
		SetupLoadedEditorAssemblies (991ms)
			LogAssemblyErrors (0ms)
			InitializePlatformSupportModulesInManaged (15ms)
			SetLoadedEditorAssemblies (9ms)
			RefreshPlugins (0ms)
			BeforeProcessingInitializeOnLoad (148ms)
			ProcessInitializeOnLoadAttributes (746ms)
			ProcessInitializeOnLoadMethodAttributes (60ms)
			AfterProcessingInitializeOnLoad (12ms)
			EditorAssembliesLoaded (0ms)
		ExecutionOrderSort2 (0ms)
		AwakeInstancesAfterBackupRestoration (28ms)
Refreshing native plugins compatible for Editor in 10.13 ms, found 3 plugins.
Preloading 0 native plugins for Editor in 0.00 ms.
Unloading 3114 Unused Serialized files (Serialized files now loaded: 0)
Unloading 22 unused Assets / (30.5 KB). Loaded Objects now: 3631.
Memory consumption went from 128.4 MB to 128.4 MB.
Total: 7.530900 ms (FindLiveObjects: 0.716900 ms CreateObjectMapping: 0.655100 ms MarkObjects: 6.068900 ms  DeleteObjects: 0.088400 ms)

Prepare: number of updated asset objects reloaded= 0
AssetImportParameters requested are different than current active one (requested -> active):
  custom:container-demuxer-ogg: 62fdf1f143b41e24485cea50d1cbac27 -> 
  custom:video-decoder-ogg-theora: a1e56fd34408186e4bbccfd4996cb3dc -> 
  custom:framework-win-MediaFoundation: 216162199b28c13a410421893ffa2e32 -> 
  custom:CustomObjectIndexerAttribute: 756ad292c208cfabdd7b50bc23989ffe -> 
  custom:container-demuxer-webm: 4f35f7cbe854078d1ac9338744f61a02 -> 
  custom:container-muxer-webm: aa71ff27fc2769a1b78a27578f13a17b -> 
  custom:video-decoder-webm-vp8: 9c59270c3fd7afecdb556c50c9e8de78 -> 
  custom:SearchIndexIgnoredProperties: e643bd26f0fe6173181afceb89e7c659 -> 
  custom:AudioImporter_EditorPlatform: d09bf68614088b80899f8185d706f6e7 -> 
  custom:video-encoder-webm-vp8: eb34c28f22e8b96e1ab97ce403110664 -> 
  custom:audio-decoder-ogg-vorbis: bf7c407c2cedff20999df2af8eb42d56 -> 
  custom:audio-encoder-webm-vorbis: bf7c407c2cedff20999df2af8eb42d56 -> 
========================================================================
Received Prepare
Begin MonoManager ReloadAssembly
Symbol file LoadedFromMemory doesn't match image D:\Hyunjun Github\RTS-Portfolio\RTS Portfolio\Library\PackageCache\com.unity.visualscripting@1.8.0\Editor\VisualScripting.Core\Dependencies\YamlDotNet\Unity.VisualScripting.YamlDotNet.dll
Symbol file LoadedFromMemory doesn't match image D:\Hyunjun Github\RTS-Portfolio\RTS Portfolio\Library\PackageCache\com.unity.visualscripting@1.8.0\Editor\VisualScripting.Core\Dependencies\DotNetZip\Unity.VisualScripting.IonicZip.dll
- Loaded All Assemblies, in  0.637 seconds
Refreshing native plugins compatible for Editor in 7.92 ms, found 3 plugins.
Native extension for WindowsStandalone target not found
[Package Manager] Server::EnsureServerProcessIsRunning -- launch failed, reason: Unity was launched with the -noUpm command-line argument
[Package Manager] UpmClient::Send -- Unable to send message (not connected to UPM process).
[Package Manager] Cannot connect to Unity Package Manager local server
Mono: successfully reloaded assembly
- Finished resetting the current domain, in  2.873 seconds
Domain Reload Profiling: 3510ms
	BeginReloadAssembly (200ms)
		ExecutionOrderSort (0ms)
		DisableScriptedObjects (8ms)
		BackupInstance (0ms)
		ReleaseScriptingObjects (0ms)
		CreateAndSetChildDomain (38ms)
	RebuildCommonClasses (40ms)
	RebuildNativeTypeToScriptingClass (14ms)
	initialDomainReloadingComplete (31ms)
	LoadAllAssembliesAndSetupDomain (351ms)
		LoadAssemblies (431ms)
		RebuildTransferFunctionScriptingTraits (0ms)
		AnalyzeDomain (37ms)
			TypeCache.Refresh (19ms)
				TypeCache.ScanAssembly (0ms)
			ScanForSourceGeneratedMonoScriptInfo (0ms)
			ResolveRequiredComponents (16ms)
	FinalizeReload (2874ms)
		ReleaseScriptCaches (0ms)
		RebuildScriptCaches (0ms)
		SetupLoadedEditorAssemblies (1107ms)
			LogAssemblyErrors (0ms)
			InitializePlatformSupportModulesInManaged (17ms)
			SetLoadedEditorAssemblies (15ms)
			RefreshPlugins (0ms)
			BeforeProcessingInitializeOnLoad (167ms)
			ProcessInitializeOnLoadAttributes (839ms)
			ProcessInitializeOnLoadMethodAttributes (54ms)
			AfterProcessingInitializeOnLoad (15ms)
			EditorAssembliesLoaded (0ms)
		ExecutionOrderSort2 (0ms)
		AwakeInstancesAfterBackupRestoration (24ms)
Refreshing native plugins compatible for Editor in 8.59 ms, found 3 plugins.
Preloading 0 native plugins for Editor in 0.00 ms.
Unloading 3114 Unused Serialized files (Serialized files now loaded: 0)
Unloading 22 unused Assets / (30.6 KB). Loaded Objects now: 3634.
Memory consumption went from 128.4 MB to 128.4 MB.
Total: 5.168800 ms (FindLiveObjects: 0.317800 ms CreateObjectMapping: 0.256300 ms MarkObjects: 4.420600 ms  DeleteObjects: 0.172100 ms)

Prepare: number of updated asset objects reloaded= 0
AssetImportParameters requested are different than current active one (requested -> active):
  custom:container-demuxer-ogg: 62fdf1f143b41e24485cea50d1cbac27 -> 
  custom:video-decoder-ogg-theora: a1e56fd34408186e4bbccfd4996cb3dc -> 
  custom:framework-win-MediaFoundation: 216162199b28c13a410421893ffa2e32 -> 
  custom:CustomObjectIndexerAttribute: 756ad292c208cfabdd7b50bc23989ffe -> 
  custom:container-demuxer-webm: 4f35f7cbe854078d1ac9338744f61a02 -> 
  custom:container-muxer-webm: aa71ff27fc2769a1b78a27578f13a17b -> 
  custom:video-decoder-webm-vp8: 9c59270c3fd7afecdb556c50c9e8de78 -> 
  custom:SearchIndexIgnoredProperties: e643bd26f0fe6173181afceb89e7c659 -> 
  custom:AudioImporter_EditorPlatform: d09bf68614088b80899f8185d706f6e7 -> 
  custom:video-encoder-webm-vp8: eb34c28f22e8b96e1ab97ce403110664 -> 
  custom:audio-decoder-ogg-vorbis: bf7c407c2cedff20999df2af8eb42d56 -> 
  custom:audio-encoder-webm-vorbis: bf7c407c2cedff20999df2af8eb42d56 -> 
========================================================================
Received Import Request.
  Time since last request: 2544.115406 seconds.
  path: Assets/Textures/136_mask.png
  artifactKey: Guid(078e966bb8f863147985f93c5eaf56c3) Importer(815301076,1909f56bfc062723c751e8b465ee728b)
Start importing Assets/Textures/136_mask.png using Guid(078e966bb8f863147985f93c5eaf56c3) Importer(815301076,1909f56bfc062723c751e8b465ee728b)  -> (artifact id: 'dc48c7f1421153a5189c501af50b1532') in 0.055061 seconds
Number of updated asset objects reloaded before import = 0
Number of asset objects unloaded after import = 2
========================================================================
Received Import Request.
  Time since last request: 161.556284 seconds.
  path: Assets/Scripts/Unit Drag.cs
  artifactKey: Guid(492818806ce9f2d4cbf71d4cfeae0472) Importer(815301076,1909f56bfc062723c751e8b465ee728b)
Start importing Assets/Scripts/Unit Drag.cs using Guid(492818806ce9f2d4cbf71d4cfeae0472) Importer(815301076,1909f56bfc062723c751e8b465ee728b)  -> (artifact id: '3849121b16faf4483a4a72017e845a8e') in 0.000706 seconds
Number of updated asset objects reloaded before import = 0
Number of asset objects unloaded after import = 0
========================================================================
Received Import Request.
  Time since last request: 822.518520 seconds.
  path: Assets/Textures/136_mask.png
  artifactKey: Guid(078e966bb8f863147985f93c5eaf56c3) Importer(815301076,1909f56bfc062723c751e8b465ee728b)
Start importing Assets/Textures/136_mask.png using Guid(078e966bb8f863147985f93c5eaf56c3) Importer(815301076,1909f56bfc062723c751e8b465ee728b)  -> (artifact id: 'a87abaee52fa771ea95baa21d7fa8456') in 0.045579 seconds
Number of updated asset objects reloaded before import = 0
Number of asset objects unloaded after import = 3
========================================================================
Received Import Request.
  Time since last request: 121.599977 seconds.
  path: Assets/Textures/Minimap Mask.png
  artifactKey: Guid(078e966bb8f863147985f93c5eaf56c3) Importer(815301076,1909f56bfc062723c751e8b465ee728b)
Start importing Assets/Textures/Minimap Mask.png using Guid(078e966bb8f863147985f93c5eaf56c3) Importer(815301076,1909f56bfc062723c751e8b465ee728b)  -> (artifact id: 'bac2251a2535999214a48d7efa07bc1e') in 0.020204 seconds
Number of updated asset objects reloaded before import = 0
Number of asset objects unloaded after import = 3
========================================================================
Received Prepare
Begin MonoManager ReloadAssembly
Symbol file LoadedFromMemory doesn't match image D:\Hyunjun Github\RTS-Portfolio\RTS Portfolio\Library\PackageCache\com.unity.visualscripting@1.8.0\Editor\VisualScripting.Core\Dependencies\YamlDotNet\Unity.VisualScripting.YamlDotNet.dll
Symbol file LoadedFromMemory doesn't match image D:\Hyunjun Github\RTS-Portfolio\RTS Portfolio\Library\PackageCache\com.unity.visualscripting@1.8.0\Editor\VisualScripting.Core\Dependencies\DotNetZip\Unity.VisualScripting.IonicZip.dll
- Loaded All Assemblies, in  0.563 seconds
Refreshing native plugins compatible for Editor in 3.99 ms, found 3 plugins.
Native extension for WindowsStandalone target not found
[Package Manager] Server::EnsureServerProcessIsRunning -- launch failed, reason: Unity was launched with the -noUpm command-line argument
[Package Manager] UpmClient::Send -- Unable to send message (not connected to UPM process).
[Package Manager] Cannot connect to Unity Package Manager local server
Mono: successfully reloaded assembly
- Finished resetting the current domain, in  2.328 seconds
Domain Reload Profiling: 2889ms
	BeginReloadAssembly (198ms)
		ExecutionOrderSort (0ms)
		DisableScriptedObjects (7ms)
		BackupInstance (0ms)
		ReleaseScriptingObjects (0ms)
		CreateAndSetChildDomain (39ms)
	RebuildCommonClasses (40ms)
	RebuildNativeTypeToScriptingClass (14ms)
	initialDomainReloadingComplete (31ms)
	LoadAllAssembliesAndSetupDomain (278ms)
		LoadAssemblies (381ms)
		RebuildTransferFunctionScriptingTraits (0ms)
		AnalyzeDomain (14ms)
			TypeCache.Refresh (6ms)
				TypeCache.ScanAssembly (0ms)
			ScanForSourceGeneratedMonoScriptInfo (0ms)
			ResolveRequiredComponents (5ms)
	FinalizeReload (2328ms)
		ReleaseScriptCaches (0ms)
		RebuildScriptCaches (0ms)
		SetupLoadedEditorAssemblies (476ms)
			LogAssemblyErrors (0ms)
			InitializePlatformSupportModulesInManaged (6ms)
			SetLoadedEditorAssemblies (4ms)
			RefreshPlugins (0ms)
			BeforeProcessingInitializeOnLoad (70ms)
			ProcessInitializeOnLoadAttributes (371ms)
			ProcessInitializeOnLoadMethodAttributes (20ms)
			AfterProcessingInitializeOnLoad (5ms)
			EditorAssembliesLoaded (0ms)
		ExecutionOrderSort2 (0ms)
		AwakeInstancesAfterBackupRestoration (11ms)
Refreshing native plugins compatible for Editor in 4.45 ms, found 3 plugins.
Preloading 0 native plugins for Editor in 0.00 ms.
Unloading 3113 Unused Serialized files (Serialized files now loaded: 0)
Unloading 22 unused Assets / (30.5 KB). Loaded Objects now: 3637.
Memory consumption went from 128.2 MB to 128.1 MB.
Total: 3.159900 ms (FindLiveObjects: 0.263100 ms CreateObjectMapping: 0.267900 ms MarkObjects: 2.566700 ms  DeleteObjects: 0.061300 ms)

Prepare: number of updated asset objects reloaded= 0
AssetImportParameters requested are different than current active one (requested -> active):
  custom:container-demuxer-ogg: 62fdf1f143b41e24485cea50d1cbac27 -> 
  custom:video-decoder-ogg-theora: a1e56fd34408186e4bbccfd4996cb3dc -> 
  custom:framework-win-MediaFoundation: 216162199b28c13a410421893ffa2e32 -> 
  custom:CustomObjectIndexerAttribute: 756ad292c208cfabdd7b50bc23989ffe -> 
  custom:container-demuxer-webm: 4f35f7cbe854078d1ac9338744f61a02 -> 
  custom:container-muxer-webm: aa71ff27fc2769a1b78a27578f13a17b -> 
  custom:video-decoder-webm-vp8: 9c59270c3fd7afecdb556c50c9e8de78 -> 
  custom:SearchIndexIgnoredProperties: e643bd26f0fe6173181afceb89e7c659 -> 
  custom:AudioImporter_EditorPlatform: d09bf68614088b80899f8185d706f6e7 -> 
  custom:video-encoder-webm-vp8: eb34c28f22e8b96e1ab97ce403110664 -> 
  custom:audio-decoder-ogg-vorbis: bf7c407c2cedff20999df2af8eb42d56 -> 
  custom:audio-encoder-webm-vorbis: bf7c407c2cedff20999df2af8eb42d56 -> 
========================================================================
Received Prepare
Begin MonoManager ReloadAssembly
Symbol file LoadedFromMemory doesn't match image D:\Hyunjun Github\RTS-Portfolio\RTS Portfolio\Library\PackageCache\com.unity.visualscripting@1.8.0\Editor\VisualScripting.Core\Dependencies\YamlDotNet\Unity.VisualScripting.YamlDotNet.dll
Symbol file LoadedFromMemory doesn't match image D:\Hyunjun Github\RTS-Portfolio\RTS Portfolio\Library\PackageCache\com.unity.visualscripting@1.8.0\Editor\VisualScripting.Core\Dependencies\DotNetZip\Unity.VisualScripting.IonicZip.dll
- Loaded All Assemblies, in  0.685 seconds
Refreshing native plugins compatible for Editor in 14.70 ms, found 3 plugins.
Native extension for WindowsStandalone target not found
[Package Manager] Server::EnsureServerProcessIsRunning -- launch failed, reason: Unity was launched with the -noUpm command-line argument
[Package Manager] UpmClient::Send -- Unable to send message (not connected to UPM process).
[Package Manager] Cannot connect to Unity Package Manager local server
Mono: successfully reloaded assembly
- Finished resetting the current domain, in  2.900 seconds
Domain Reload Profiling: 3586ms
	BeginReloadAssembly (193ms)
		ExecutionOrderSort (0ms)
		DisableScriptedObjects (7ms)
		BackupInstance (0ms)
		ReleaseScriptingObjects (0ms)
		CreateAndSetChildDomain (35ms)
	RebuildCommonClasses (42ms)
	RebuildNativeTypeToScriptingClass (14ms)
	initialDomainReloadingComplete (33ms)
	LoadAllAssembliesAndSetupDomain (402ms)
		LoadAssemblies (482ms)
		RebuildTransferFunctionScriptingTraits (0ms)
		AnalyzeDomain (31ms)
			TypeCache.Refresh (11ms)
				TypeCache.ScanAssembly (0ms)
			ScanForSourceGeneratedMonoScriptInfo (0ms)
			ResolveRequiredComponents (17ms)
	FinalizeReload (2902ms)
		ReleaseScriptCaches (0ms)
		RebuildScriptCaches (0ms)
		SetupLoadedEditorAssemblies (1068ms)
			LogAssemblyErrors (0ms)
			InitializePlatformSupportModulesInManaged (15ms)
			SetLoadedEditorAssemblies (7ms)
			RefreshPlugins (0ms)
			BeforeProcessingInitializeOnLoad (160ms)
			ProcessInitializeOnLoadAttributes (816ms)
			ProcessInitializeOnLoadMethodAttributes (60ms)
			AfterProcessingInitializeOnLoad (9ms)
			EditorAssembliesLoaded (1ms)
		ExecutionOrderSort2 (0ms)
		AwakeInstancesAfterBackupRestoration (30ms)
Refreshing native plugins compatible for Editor in 5.09 ms, found 3 plugins.
Preloading 0 native plugins for Editor in 0.00 ms.
Unloading 3114 Unused Serialized files (Serialized files now loaded: 0)
Unloading 22 unused Assets / (30.5 KB). Loaded Objects now: 3640.
Memory consumption went from 128.4 MB to 128.4 MB.
Total: 12.308200 ms (FindLiveObjects: 0.803000 ms CreateObjectMapping: 1.074100 ms MarkObjects: 10.293900 ms  DeleteObjects: 0.134800 ms)

Prepare: number of updated asset objects reloaded= 0
AssetImportParameters requested are different than current active one (requested -> active):
  custom:container-demuxer-ogg: 62fdf1f143b41e24485cea50d1cbac27 -> 
  custom:video-decoder-ogg-theora: a1e56fd34408186e4bbccfd4996cb3dc -> 
  custom:framework-win-MediaFoundation: 216162199b28c13a410421893ffa2e32 -> 
  custom:CustomObjectIndexerAttribute: 756ad292c208cfabdd7b50bc23989ffe -> 
  custom:container-demuxer-webm: 4f35f7cbe854078d1ac9338744f61a02 -> 
  custom:container-muxer-webm: aa71ff27fc2769a1b78a27578f13a17b -> 
  custom:video-decoder-webm-vp8: 9c59270c3fd7afecdb556c50c9e8de78 -> 
  custom:SearchIndexIgnoredProperties: e643bd26f0fe6173181afceb89e7c659 -> 
  custom:AudioImporter_EditorPlatform: d09bf68614088b80899f8185d706f6e7 -> 
  custom:video-encoder-webm-vp8: eb34c28f22e8b96e1ab97ce403110664 -> 
  custom:audio-decoder-ogg-vorbis: bf7c407c2cedff20999df2af8eb42d56 -> 
  custom:audio-encoder-webm-vorbis: bf7c407c2cedff20999df2af8eb42d56 -> 
